[ 2017-12-05T20:30:11+08:00 ] ::1 /ts/index.php/Admin/Tree/index/group_id/139
INFO: [ app_init ] --START--
INFO: Run Behavior\BuildLiteBehavior [ RunTime:0.000023s ]
INFO: [ app_init ] --END-- [ RunTime:0.000373s ]
INFO: [ app_begin ] --START--
INFO: Run Behavior\ReadHtmlCacheBehavior [ RunTime:0.000412s ]
INFO: [ app_begin ] --END-- [ RunTime:0.000509s ]
SQL: SHOW COLUMNS FROM `treesys_auth_group_access` [ RunTime:0.0102s ]
SQL: SELECT `uid`,`group_id`,`title`,`rules` FROM treesys_auth_group_access a INNER JOIN treesys_auth_group g on a.group_id=g.id  WHERE ( a.uid='88' and g.status='1' )  [ RunTime:0.0102s ]
SQL: SHOW COLUMNS FROM `treesys_auth_rule` [ RunTime:0.0102s ]
SQL: SELECT `condition`,`name` FROM `treesys_auth_rule` WHERE `id` IN ('6','20','1','2','3','4','5','64','21','7','8','9','10','11','12','13','14','15','16','123','124','125','19','129','135','130','137','138','139','140','141','142','143','144','146','149','150','151','169','153','177','179','182','194','205','171','172','173','195','196','197','207','206','183','184','185','186','187','189','193','209','210','211','212','198','200','201','202','203','204') AND `type` = 1 AND `status` = 1  [ RunTime:0.0111s ]
NOTIC: [2048] Declaration of Common\Model\AdminNavModel::getTreeData() should be compatible with Common\Model\BaseModel::getTreeData($type = 'tree', $order = '', $name = 'name', $child = 'id', $parent = 'pid') C:\wamp64\www\ts\Application\Common\Model\AdminNavModel.class.php 第 7 行.
SQL: SHOW COLUMNS FROM `treesys_admin_nav` [ RunTime:0.0101s ]
SQL: SELECT * FROM `treesys_admin_nav` ORDER BY order_number is null,`order_number`,`id`  [ RunTime:0.0110s ]
SQL: SHOW COLUMNS FROM `treesys_auth_rule` [ RunTime:0.0102s ]
SQL: SELECT * FROM `treesys_auth_rule` WHERE `id` = 139  [ RunTime:0.0100s ]
SQL: SHOW COLUMNS FROM `treesys_device_line` [ RunTime:0.0101s ]
SQL: SELECT * FROM `treesys_device_line` WHERE `did` IN ('221，241，243，245，246，249，252，281，287，289','290，291，292，361')  [ RunTime:0.0100s ]
SQL: SHOW COLUMNS FROM `treesys_tree_base` [ RunTime:0.0104s ]
SQL: SELECT COUNT(*) AS tp_count FROM treesys_tree_base base LEFT JOIN treesys_device_line dl ON base.line_id=dl.did LEFT JOIN treesys_tree_detail detail ON base.tid=detail.detail_tid   WHERE `line_id` IN (-1,'221','290') LIMIT 1   [ RunTime:0.0127s ]
NOTIC: [2048] Only variables should be passed by reference C:\wamp64\www\ts\ThinkPHP\Library\Think\Db\Driver.class.php 第 769 行.
SQL: SELECT * FROM treesys_tree_base base LEFT JOIN treesys_device_line dl ON base.line_id=dl.did LEFT JOIN treesys_tree_detail detail ON base.tid=detail.detail_tid   WHERE `line_id` IN (-1,'221','290') AND `datail_uptodate` = 1 ORDER BY `tid` desc LIMIT 0,15   [ RunTime:0.0174s ]
INFO: [ view_parse ] --START--
INFO: [ template_filter ] --START--
INFO: Run Behavior\ContentReplaceBehavior [ RunTime:0.000985s ]
INFO: [ template_filter ] --END-- [ RunTime:0.001182s ]
NOTIC: [8] Undefined index: towns C:\wamp64\www\ts\Runtime\Cache\Admin\6974002ae589ede078ff028ad0458ce2.php 第 178 行.
NOTIC: [8] Undefined index: villages C:\wamp64\www\ts\Runtime\Cache\Admin\6974002ae589ede078ff028ad0458ce2.php 第 183 行.
NOTIC: [8] Undefined index: datail_check_conclusion C:\wamp64\www\ts\Runtime\Cache\Admin\6974002ae589ede078ff028ad0458ce2.php 第 387 行.
NOTIC: [8] Undefined index: datail_check_conclusion C:\wamp64\www\ts\Runtime\Cache\Admin\6974002ae589ede078ff028ad0458ce2.php 第 387 行.
INFO: Run Behavior\ParseTemplateBehavior [ RunTime:0.207827s ]
INFO: [ view_parse ] --END-- [ RunTime:0.207931s ]
INFO: [ view_filter ] --START--
INFO: Run Behavior\WriteHtmlCacheBehavior [ RunTime:0.000366s ]
INFO: [ view_filter ] --END-- [ RunTime:0.000461s ]
INFO: [ app_end ] --START--
INFO: Run Behavior\ShowPageTraceBehavior [ RunTime:0.001183s ]
INFO: [ app_end ] --END-- [ RunTime:0.001533s ]

[ 2017-12-05T20:30:15+08:00 ] ::1 /ts/index.php/Admin/Tree/index/group_id/146
INFO: [ app_init ] --START--
INFO: Run Behavior\BuildLiteBehavior [ RunTime:0.000032s ]
INFO: [ app_init ] --END-- [ RunTime:0.000467s ]
INFO: [ app_begin ] --START--
INFO: Run Behavior\ReadHtmlCacheBehavior [ RunTime:0.000462s ]
INFO: [ app_begin ] --END-- [ RunTime:0.000606s ]
SQL: SHOW COLUMNS FROM `treesys_auth_group_access` [ RunTime:0.0088s ]
SQL: SELECT `uid`,`group_id`,`title`,`rules` FROM treesys_auth_group_access a INNER JOIN treesys_auth_group g on a.group_id=g.id  WHERE ( a.uid='88' and g.status='1' )  [ RunTime:0.0087s ]
SQL: SHOW COLUMNS FROM `treesys_auth_rule` [ RunTime:0.0089s ]
SQL: SELECT `condition`,`name` FROM `treesys_auth_rule` WHERE `id` IN ('6','20','1','2','3','4','5','64','21','7','8','9','10','11','12','13','14','15','16','123','124','125','19','129','135','130','137','138','139','140','141','142','143','144','146','149','150','151','169','153','177','179','182','194','205','171','172','173','195','196','197','207','206','183','184','185','186','187','189','193','209','210','211','212','198','200','201','202','203','204') AND `type` = 1 AND `status` = 1  [ RunTime:0.0101s ]
NOTIC: [2048] Declaration of Common\Model\AdminNavModel::getTreeData() should be compatible with Common\Model\BaseModel::getTreeData($type = 'tree', $order = '', $name = 'name', $child = 'id', $parent = 'pid') C:\wamp64\www\ts\Application\Common\Model\AdminNavModel.class.php 第 7 行.
SQL: SELECT * FROM `treesys_admin_nav` ORDER BY order_number is null,`order_number`,`id`  [ RunTime:0.0095s ]
SQL: SELECT * FROM `treesys_auth_rule` WHERE `id` = 146  [ RunTime:0.0087s ]
SQL: SELECT * FROM `treesys_device_line` WHERE `did` IN ('214，215，240，242，243，245，246，252，257，258，270，271，272，273，274，275，334，335，346，347')  [ RunTime:0.0086s ]
SQL: SELECT COUNT(*) AS tp_count FROM treesys_tree_base base LEFT JOIN treesys_device_line dl ON base.line_id=dl.did LEFT JOIN treesys_tree_detail detail ON base.tid=detail.detail_tid   WHERE `line_id` IN (-1,'214') LIMIT 1   [ RunTime:0.0112s ]
NOTIC: [2048] Only variables should be passed by reference C:\wamp64\www\ts\ThinkPHP\Library\Think\Db\Driver.class.php 第 769 行.
SQL: SELECT * FROM treesys_tree_base base LEFT JOIN treesys_device_line dl ON base.line_id=dl.did LEFT JOIN treesys_tree_detail detail ON base.tid=detail.detail_tid   WHERE `line_id` IN (-1,'214') AND `datail_uptodate` = 1 ORDER BY `tid` desc LIMIT 0,15   [ RunTime:0.0154s ]
INFO: [ view_parse ] --START--
INFO: [ template_filter ] --START--
INFO: Run Behavior\ContentReplaceBehavior [ RunTime:0.001073s ]
INFO: [ template_filter ] --END-- [ RunTime:0.001356s ]
NOTIC: [8] Undefined index: towns C:\wamp64\www\ts\Runtime\Cache\Admin\6974002ae589ede078ff028ad0458ce2.php 第 178 行.
NOTIC: [8] Undefined index: villages C:\wamp64\www\ts\Runtime\Cache\Admin\6974002ae589ede078ff028ad0458ce2.php 第 183 行.
INFO: Run Behavior\ParseTemplateBehavior [ RunTime:0.215304s ]
INFO: [ view_parse ] --END-- [ RunTime:0.215418s ]
INFO: [ view_filter ] --START--
INFO: Run Behavior\WriteHtmlCacheBehavior [ RunTime:0.000383s ]
INFO: [ view_filter ] --END-- [ RunTime:0.000471s ]
INFO: [ app_end ] --START--
INFO: Run Behavior\ShowPageTraceBehavior [ RunTime:0.000706s ]
INFO: [ app_end ] --END-- [ RunTime:0.000858s ]

[ 2017-12-05T20:30:18+08:00 ] ::1 /ts/index.php/Admin/Tree/index/group_id/149
INFO: [ app_init ] --START--
INFO: Run Behavior\BuildLiteBehavior [ RunTime:0.000037s ]
INFO: [ app_init ] --END-- [ RunTime:0.000501s ]
INFO: [ app_begin ] --START--
INFO: Run Behavior\ReadHtmlCacheBehavior [ RunTime:0.000359s ]
INFO: [ app_begin ] --END-- [ RunTime:0.000457s ]
SQL: SHOW COLUMNS FROM `treesys_auth_group_access` [ RunTime:0.0083s ]
SQL: SELECT `uid`,`group_id`,`title`,`rules` FROM treesys_auth_group_access a INNER JOIN treesys_auth_group g on a.group_id=g.id  WHERE ( a.uid='88' and g.status='1' )  [ RunTime:0.0083s ]
SQL: SHOW COLUMNS FROM `treesys_auth_rule` [ RunTime:0.0083s ]
SQL: SELECT `condition`,`name` FROM `treesys_auth_rule` WHERE `id` IN ('6','20','1','2','3','4','5','64','21','7','8','9','10','11','12','13','14','15','16','123','124','125','19','129','135','130','137','138','139','140','141','142','143','144','146','149','150','151','169','153','177','179','182','194','205','171','172','173','195','196','197','207','206','183','184','185','186','187','189','193','209','210','211','212','198','200','201','202','203','204') AND `type` = 1 AND `status` = 1  [ RunTime:0.0087s ]
NOTIC: [2048] Declaration of Common\Model\AdminNavModel::getTreeData() should be compatible with Common\Model\BaseModel::getTreeData($type = 'tree', $order = '', $name = 'name', $child = 'id', $parent = 'pid') C:\wamp64\www\ts\Application\Common\Model\AdminNavModel.class.php 第 7 行.
SQL: SELECT * FROM `treesys_admin_nav` ORDER BY order_number is null,`order_number`,`id`  [ RunTime:0.0092s ]
SQL: SELECT * FROM `treesys_auth_rule` WHERE `id` = 149  [ RunTime:0.0082s ]
SQL: SELECT * FROM `treesys_device_line` WHERE `did` IN ('-1')  [ RunTime:0.0081s ]
SQL: SELECT COUNT(*) AS tp_count FROM treesys_tree_base base LEFT JOIN treesys_device_line dl ON base.line_id=dl.did LEFT JOIN treesys_tree_detail detail ON base.tid=detail.detail_tid   WHERE `line_id` IN (-1) LIMIT 1   [ RunTime:0.0104s ]
NOTIC: [2048] Only variables should be passed by reference C:\wamp64\www\ts\ThinkPHP\Library\Think\Db\Driver.class.php 第 769 行.
SQL: SELECT * FROM treesys_tree_base base LEFT JOIN treesys_device_line dl ON base.line_id=dl.did LEFT JOIN treesys_tree_detail detail ON base.tid=detail.detail_tid   WHERE `line_id` IN (-1) AND `datail_uptodate` = 1 ORDER BY `tid` desc LIMIT 0,15   [ RunTime:0.0148s ]
INFO: [ view_parse ] --START--
INFO: [ template_filter ] --START--
INFO: Run Behavior\ContentReplaceBehavior [ RunTime:0.000754s ]
INFO: [ template_filter ] --END-- [ RunTime:0.000873s ]
NOTIC: [8] Undefined index: towns C:\wamp64\www\ts\Runtime\Cache\Admin\6974002ae589ede078ff028ad0458ce2.php 第 178 行.
NOTIC: [8] Undefined index: villages C:\wamp64\www\ts\Runtime\Cache\Admin\6974002ae589ede078ff028ad0458ce2.php 第 183 行.
INFO: Run Behavior\ParseTemplateBehavior [ RunTime:0.228820s ]
INFO: [ view_parse ] --END-- [ RunTime:0.228959s ]
INFO: [ view_filter ] --START--
INFO: Run Behavior\WriteHtmlCacheBehavior [ RunTime:0.000384s ]
INFO: [ view_filter ] --END-- [ RunTime:0.000505s ]
INFO: [ app_end ] --START--
INFO: Run Behavior\ShowPageTraceBehavior [ RunTime:0.000734s ]
INFO: [ app_end ] --END-- [ RunTime:0.000886s ]

[ 2017-12-05T20:30:29+08:00 ] ::1 /ts/index.php/Admin/Tree/index/group_id/149
INFO: [ app_init ] --START--
INFO: Run Behavior\BuildLiteBehavior [ RunTime:0.000022s ]
INFO: [ app_init ] --END-- [ RunTime:0.000419s ]
INFO: [ app_begin ] --START--
INFO: Run Behavior\ReadHtmlCacheBehavior [ RunTime:0.000347s ]
INFO: [ app_begin ] --END-- [ RunTime:0.000442s ]
SQL: SHOW COLUMNS FROM `treesys_auth_group_access` [ RunTime:0.0077s ]
SQL: SELECT `uid`,`group_id`,`title`,`rules` FROM treesys_auth_group_access a INNER JOIN treesys_auth_group g on a.group_id=g.id  WHERE ( a.uid='88' and g.status='1' )  [ RunTime:0.0066s ]
SQL: SHOW COLUMNS FROM `treesys_auth_rule` [ RunTime:0.0066s ]
SQL: SELECT `condition`,`name` FROM `treesys_auth_rule` WHERE `id` IN ('6','20','1','2','3','4','5','64','21','7','8','9','10','11','12','13','14','15','16','123','124','125','19','129','135','130','137','138','139','140','141','142','143','144','146','149','150','151','169','153','177','179','182','194','205','171','172','173','195','196','197','207','206','183','184','185','186','187','189','193','209','210','211','212','198','200','201','202','203','204') AND `type` = 1 AND `status` = 1  [ RunTime:0.0076s ]
NOTIC: [2048] Declaration of Common\Model\AdminNavModel::getTreeData() should be compatible with Common\Model\BaseModel::getTreeData($type = 'tree', $order = '', $name = 'name', $child = 'id', $parent = 'pid') C:\wamp64\www\ts\Application\Common\Model\AdminNavModel.class.php 第 7 行.
SQL: SELECT * FROM `treesys_admin_nav` ORDER BY order_number is null,`order_number`,`id`  [ RunTime:0.0074s ]
SQL: SELECT * FROM `treesys_auth_rule` WHERE `id` = 149  [ RunTime:0.0065s ]
SQL: SELECT * FROM `treesys_device_line` WHERE `did` IN ('-1')  [ RunTime:0.0062s ]
SQL: SELECT COUNT(*) AS tp_count FROM treesys_tree_base base LEFT JOIN treesys_device_line dl ON base.line_id=dl.did LEFT JOIN treesys_tree_detail detail ON base.tid=detail.detail_tid   WHERE `line_id` IN (-1) LIMIT 1   [ RunTime:0.0088s ]
NOTIC: [2048] Only variables should be passed by reference C:\wamp64\www\ts\ThinkPHP\Library\Think\Db\Driver.class.php 第 769 行.
SQL: SELECT * FROM treesys_tree_base base LEFT JOIN treesys_device_line dl ON base.line_id=dl.did LEFT JOIN treesys_tree_detail detail ON base.tid=detail.detail_tid   WHERE `line_id` IN (-1) AND `datail_uptodate` = 1 ORDER BY `tid` desc LIMIT 0,15   [ RunTime:0.0132s ]
INFO: [ view_parse ] --START--
INFO: [ template_filter ] --START--
INFO: Run Behavior\ContentReplaceBehavior [ RunTime:0.000783s ]
INFO: [ template_filter ] --END-- [ RunTime:0.000894s ]
NOTIC: [8] Undefined index: towns C:\wamp64\www\ts\Runtime\Cache\Admin\6974002ae589ede078ff028ad0458ce2.php 第 178 行.
NOTIC: [8] Undefined index: villages C:\wamp64\www\ts\Runtime\Cache\Admin\6974002ae589ede078ff028ad0458ce2.php 第 183 行.
INFO: Run Behavior\ParseTemplateBehavior [ RunTime:0.227911s ]
INFO: [ view_parse ] --END-- [ RunTime:0.228026s ]
INFO: [ view_filter ] --START--
INFO: Run Behavior\WriteHtmlCacheBehavior [ RunTime:0.000419s ]
INFO: [ view_filter ] --END-- [ RunTime:0.000510s ]
INFO: [ app_end ] --START--
INFO: Run Behavior\ShowPageTraceBehavior [ RunTime:0.000826s ]
INFO: [ app_end ] --END-- [ RunTime:0.001847s ]

[ 2017-12-05T20:30:32+08:00 ] ::1 /ts/index.php/Admin/Tree/index/group_id/146
INFO: [ app_init ] --START--
INFO: Run Behavior\BuildLiteBehavior [ RunTime:0.000022s ]
INFO: [ app_init ] --END-- [ RunTime:0.000341s ]
INFO: [ app_begin ] --START--
INFO: Run Behavior\ReadHtmlCacheBehavior [ RunTime:0.000365s ]
INFO: [ app_begin ] --END-- [ RunTime:0.000463s ]
SQL: SHOW COLUMNS FROM `treesys_auth_group_access` [ RunTime:0.0090s ]
SQL: SELECT `uid`,`group_id`,`title`,`rules` FROM treesys_auth_group_access a INNER JOIN treesys_auth_group g on a.group_id=g.id  WHERE ( a.uid='88' and g.status='1' )  [ RunTime:0.0091s ]
SQL: SHOW COLUMNS FROM `treesys_auth_rule` [ RunTime:0.0093s ]
SQL: SELECT `condition`,`name` FROM `treesys_auth_rule` WHERE `id` IN ('6','20','1','2','3','4','5','64','21','7','8','9','10','11','12','13','14','15','16','123','124','125','19','129','135','130','137','138','139','140','141','142','143','144','146','149','150','151','169','153','177','179','182','194','205','171','172','173','195','196','197','207','206','183','184','185','186','187','189','193','209','210','211','212','198','200','201','202','203','204') AND `type` = 1 AND `status` = 1  [ RunTime:0.0094s ]
NOTIC: [2048] Declaration of Common\Model\AdminNavModel::getTreeData() should be compatible with Common\Model\BaseModel::getTreeData($type = 'tree', $order = '', $name = 'name', $child = 'id', $parent = 'pid') C:\wamp64\www\ts\Application\Common\Model\AdminNavModel.class.php 第 7 行.
SQL: SELECT * FROM `treesys_admin_nav` ORDER BY order_number is null,`order_number`,`id`  [ RunTime:0.0098s ]
SQL: SELECT * FROM `treesys_auth_rule` WHERE `id` = 146  [ RunTime:0.0091s ]
SQL: SELECT * FROM `treesys_device_line` WHERE `did` IN ('214，215，240，242，243，245，246，252，257，258，270，271，272，273，274，275，334，335，346，347')  [ RunTime:0.0088s ]
SQL: SELECT COUNT(*) AS tp_count FROM treesys_tree_base base LEFT JOIN treesys_device_line dl ON base.line_id=dl.did LEFT JOIN treesys_tree_detail detail ON base.tid=detail.detail_tid   WHERE `line_id` IN (-1,'214') LIMIT 1   [ RunTime:0.0114s ]
NOTIC: [2048] Only variables should be passed by reference C:\wamp64\www\ts\ThinkPHP\Library\Think\Db\Driver.class.php 第 769 行.
SQL: SELECT * FROM treesys_tree_base base LEFT JOIN treesys_device_line dl ON base.line_id=dl.did LEFT JOIN treesys_tree_detail detail ON base.tid=detail.detail_tid   WHERE `line_id` IN (-1,'214') AND `datail_uptodate` = 1 ORDER BY `tid` desc LIMIT 0,15   [ RunTime:0.0158s ]
INFO: [ view_parse ] --START--
INFO: [ template_filter ] --START--
INFO: Run Behavior\ContentReplaceBehavior [ RunTime:0.000817s ]
INFO: [ template_filter ] --END-- [ RunTime:0.000947s ]
NOTIC: [8] Undefined index: towns C:\wamp64\www\ts\Runtime\Cache\Admin\6974002ae589ede078ff028ad0458ce2.php 第 178 行.
NOTIC: [8] Undefined index: villages C:\wamp64\www\ts\Runtime\Cache\Admin\6974002ae589ede078ff028ad0458ce2.php 第 183 行.
INFO: Run Behavior\ParseTemplateBehavior [ RunTime:0.228219s ]
INFO: [ view_parse ] --END-- [ RunTime:0.228372s ]
INFO: [ view_filter ] --START--
INFO: Run Behavior\WriteHtmlCacheBehavior [ RunTime:0.000413s ]
INFO: [ view_filter ] --END-- [ RunTime:0.000505s ]
INFO: [ app_end ] --START--
INFO: Run Behavior\ShowPageTraceBehavior [ RunTime:0.000818s ]
INFO: [ app_end ] --END-- [ RunTime:0.001012s ]

[ 2017-12-05T20:30:35+08:00 ] ::1 /ts/index.php/Admin/Tree/index/group_id/150
INFO: [ app_init ] --START--
INFO: Run Behavior\BuildLiteBehavior [ RunTime:0.000022s ]
INFO: [ app_init ] --END-- [ RunTime:0.000340s ]
INFO: [ app_begin ] --START--
INFO: Run Behavior\ReadHtmlCacheBehavior [ RunTime:0.000411s ]
INFO: [ app_begin ] --END-- [ RunTime:0.000507s ]
SQL: SHOW COLUMNS FROM `treesys_auth_group_access` [ RunTime:0.0088s ]
SQL: SELECT `uid`,`group_id`,`title`,`rules` FROM treesys_auth_group_access a INNER JOIN treesys_auth_group g on a.group_id=g.id  WHERE ( a.uid='88' and g.status='1' )  [ RunTime:0.0088s ]
SQL: SHOW COLUMNS FROM `treesys_auth_rule` [ RunTime:0.0090s ]
SQL: SELECT `condition`,`name` FROM `treesys_auth_rule` WHERE `id` IN ('6','20','1','2','3','4','5','64','21','7','8','9','10','11','12','13','14','15','16','123','124','125','19','129','135','130','137','138','139','140','141','142','143','144','146','149','150','151','169','153','177','179','182','194','205','171','172','173','195','196','197','207','206','183','184','185','186','187','189','193','209','210','211','212','198','200','201','202','203','204') AND `type` = 1 AND `status` = 1  [ RunTime:0.0099s ]
NOTIC: [2048] Declaration of Common\Model\AdminNavModel::getTreeData() should be compatible with Common\Model\BaseModel::getTreeData($type = 'tree', $order = '', $name = 'name', $child = 'id', $parent = 'pid') C:\wamp64\www\ts\Application\Common\Model\AdminNavModel.class.php 第 7 行.
SQL: SELECT * FROM `treesys_admin_nav` ORDER BY order_number is null,`order_number`,`id`  [ RunTime:0.0097s ]
SQL: SELECT * FROM `treesys_auth_rule` WHERE `id` = 150  [ RunTime:0.0087s ]
SQL: SELECT * FROM `treesys_device_line` WHERE `did` IN ('-1')  [ RunTime:0.0087s ]
SQL: SELECT COUNT(*) AS tp_count FROM treesys_tree_base base LEFT JOIN treesys_device_line dl ON base.line_id=dl.did LEFT JOIN treesys_tree_detail detail ON base.tid=detail.detail_tid   WHERE `line_id` IN (-1) LIMIT 1   [ RunTime:0.0109s ]
NOTIC: [2048] Only variables should be passed by reference C:\wamp64\www\ts\ThinkPHP\Library\Think\Db\Driver.class.php 第 769 行.
SQL: SELECT * FROM treesys_tree_base base LEFT JOIN treesys_device_line dl ON base.line_id=dl.did LEFT JOIN treesys_tree_detail detail ON base.tid=detail.detail_tid   WHERE `line_id` IN (-1) AND `datail_uptodate` = 1 ORDER BY `tid` desc LIMIT 0,15   [ RunTime:0.0152s ]
INFO: [ view_parse ] --START--
INFO: [ template_filter ] --START--
INFO: Run Behavior\ContentReplaceBehavior [ RunTime:0.000743s ]
INFO: [ template_filter ] --END-- [ RunTime:0.000867s ]
NOTIC: [8] Undefined index: towns C:\wamp64\www\ts\Runtime\Cache\Admin\6974002ae589ede078ff028ad0458ce2.php 第 178 行.
NOTIC: [8] Undefined index: villages C:\wamp64\www\ts\Runtime\Cache\Admin\6974002ae589ede078ff028ad0458ce2.php 第 183 行.
INFO: Run Behavior\ParseTemplateBehavior [ RunTime:0.231468s ]
INFO: [ view_parse ] --END-- [ RunTime:0.231569s ]
INFO: [ view_filter ] --START--
INFO: Run Behavior\WriteHtmlCacheBehavior [ RunTime:0.000387s ]
INFO: [ view_filter ] --END-- [ RunTime:0.000475s ]
INFO: [ app_end ] --START--
INFO: Run Behavior\ShowPageTraceBehavior [ RunTime:0.000726s ]
INFO: [ app_end ] --END-- [ RunTime:0.000864s ]

[ 2017-12-05T20:30:39+08:00 ] ::1 /ts/index.php/Admin/Tree/index/group_id/151
INFO: [ app_init ] --START--
INFO: Run Behavior\BuildLiteBehavior [ RunTime:0.000034s ]
INFO: [ app_init ] --END-- [ RunTime:0.000463s ]
INFO: [ app_begin ] --START--
INFO: Run Behavior\ReadHtmlCacheBehavior [ RunTime:0.000987s ]
INFO: [ app_begin ] --END-- [ RunTime:0.001204s ]
SQL: SHOW COLUMNS FROM `treesys_auth_group_access` [ RunTime:0.0080s ]
SQL: SELECT `uid`,`group_id`,`title`,`rules` FROM treesys_auth_group_access a INNER JOIN treesys_auth_group g on a.group_id=g.id  WHERE ( a.uid='88' and g.status='1' )  [ RunTime:0.0080s ]
SQL: SHOW COLUMNS FROM `treesys_auth_rule` [ RunTime:0.0081s ]
SQL: SELECT `condition`,`name` FROM `treesys_auth_rule` WHERE `id` IN ('6','20','1','2','3','4','5','64','21','7','8','9','10','11','12','13','14','15','16','123','124','125','19','129','135','130','137','138','139','140','141','142','143','144','146','149','150','151','169','153','177','179','182','194','205','171','172','173','195','196','197','207','206','183','184','185','186','187','189','193','209','210','211','212','198','200','201','202','203','204') AND `type` = 1 AND `status` = 1  [ RunTime:0.0091s ]
NOTIC: [2048] Declaration of Common\Model\AdminNavModel::getTreeData() should be compatible with Common\Model\BaseModel::getTreeData($type = 'tree', $order = '', $name = 'name', $child = 'id', $parent = 'pid') C:\wamp64\www\ts\Application\Common\Model\AdminNavModel.class.php 第 7 行.
SQL: SELECT * FROM `treesys_admin_nav` ORDER BY order_number is null,`order_number`,`id`  [ RunTime:0.0089s ]
SQL: SELECT * FROM `treesys_auth_rule` WHERE `id` = 151  [ RunTime:0.0080s ]
SQL: SELECT * FROM `treesys_device_line` WHERE `did` IN ('-1')  [ RunTime:0.0080s ]
SQL: SELECT COUNT(*) AS tp_count FROM treesys_tree_base base LEFT JOIN treesys_device_line dl ON base.line_id=dl.did LEFT JOIN treesys_tree_detail detail ON base.tid=detail.detail_tid   WHERE `line_id` IN (-1) LIMIT 1   [ RunTime:0.0104s ]
NOTIC: [2048] Only variables should be passed by reference C:\wamp64\www\ts\ThinkPHP\Library\Think\Db\Driver.class.php 第 769 行.
SQL: SELECT * FROM treesys_tree_base base LEFT JOIN treesys_device_line dl ON base.line_id=dl.did LEFT JOIN treesys_tree_detail detail ON base.tid=detail.detail_tid   WHERE `line_id` IN (-1) AND `datail_uptodate` = 1 ORDER BY `tid` desc LIMIT 0,15   [ RunTime:0.0146s ]
INFO: [ view_parse ] --START--
INFO: [ template_filter ] --START--
INFO: Run Behavior\ContentReplaceBehavior [ RunTime:0.000753s ]
INFO: [ template_filter ] --END-- [ RunTime:0.000861s ]
NOTIC: [8] Undefined index: towns C:\wamp64\www\ts\Runtime\Cache\Admin\6974002ae589ede078ff028ad0458ce2.php 第 178 行.
NOTIC: [8] Undefined index: villages C:\wamp64\www\ts\Runtime\Cache\Admin\6974002ae589ede078ff028ad0458ce2.php 第 183 行.
INFO: Run Behavior\ParseTemplateBehavior [ RunTime:0.203381s ]
INFO: [ view_parse ] --END-- [ RunTime:0.203493s ]
INFO: [ view_filter ] --START--
INFO: Run Behavior\WriteHtmlCacheBehavior [ RunTime:0.000432s ]
INFO: [ view_filter ] --END-- [ RunTime:0.000526s ]
INFO: [ app_end ] --START--
INFO: Run Behavior\ShowPageTraceBehavior [ RunTime:0.001094s ]
INFO: [ app_end ] --END-- [ RunTime:0.001347s ]

[ 2017-12-05T20:31:01+08:00 ] ::1 /ts/index.php/Admin/Tree/index/group_id/139
INFO: [ app_init ] --START--
INFO: Run Behavior\BuildLiteBehavior [ RunTime:0.000023s ]
INFO: [ app_init ] --END-- [ RunTime:0.000325s ]
INFO: [ app_begin ] --START--
INFO: Run Behavior\ReadHtmlCacheBehavior [ RunTime:0.000347s ]
INFO: [ app_begin ] --END-- [ RunTime:0.000444s ]
SQL: SHOW COLUMNS FROM `treesys_auth_group_access` [ RunTime:0.0084s ]
SQL: SELECT `uid`,`group_id`,`title`,`rules` FROM treesys_auth_group_access a INNER JOIN treesys_auth_group g on a.group_id=g.id  WHERE ( a.uid='88' and g.status='1' )  [ RunTime:0.0084s ]
SQL: SHOW COLUMNS FROM `treesys_auth_rule` [ RunTime:0.0083s ]
SQL: SELECT `condition`,`name` FROM `treesys_auth_rule` WHERE `id` IN ('6','20','1','2','3','4','5','64','21','7','8','9','10','11','12','13','14','15','16','123','124','125','19','129','135','130','137','138','139','140','141','142','143','144','146','149','150','151','169','153','177','179','182','194','205','171','172','173','195','196','197','207','206','183','184','185','186','187','189','193','209','210','211','212','198','200','201','202','203','204') AND `type` = 1 AND `status` = 1  [ RunTime:0.0096s ]
NOTIC: [2048] Declaration of Common\Model\AdminNavModel::getTreeData() should be compatible with Common\Model\BaseModel::getTreeData($type = 'tree', $order = '', $name = 'name', $child = 'id', $parent = 'pid') C:\wamp64\www\ts\Application\Common\Model\AdminNavModel.class.php 第 7 行.
SQL: SELECT * FROM `treesys_admin_nav` ORDER BY order_number is null,`order_number`,`id`  [ RunTime:0.0091s ]
SQL: SELECT * FROM `treesys_auth_rule` WHERE `id` = 139  [ RunTime:0.0084s ]
SQL: SELECT * FROM `treesys_device_line` WHERE `did` IN ('221，241，243，245，246，249，252，281，287，289','290，291，292，361')  [ RunTime:0.0083s ]
SQL: SELECT COUNT(*) AS tp_count FROM treesys_tree_base base LEFT JOIN treesys_device_line dl ON base.line_id=dl.did LEFT JOIN treesys_tree_detail detail ON base.tid=detail.detail_tid   WHERE `line_id` IN (-1,'221','290') LIMIT 1   [ RunTime:0.0109s ]
NOTIC: [2048] Only variables should be passed by reference C:\wamp64\www\ts\ThinkPHP\Library\Think\Db\Driver.class.php 第 769 行.
SQL: SELECT * FROM treesys_tree_base base LEFT JOIN treesys_device_line dl ON base.line_id=dl.did LEFT JOIN treesys_tree_detail detail ON base.tid=detail.detail_tid   WHERE `line_id` IN (-1,'221','290') AND `datail_uptodate` = 1 ORDER BY `tid` desc LIMIT 0,15   [ RunTime:0.0156s ]
INFO: [ view_parse ] --START--
INFO: [ template_filter ] --START--
INFO: Run Behavior\ContentReplaceBehavior [ RunTime:0.000760s ]
INFO: [ template_filter ] --END-- [ RunTime:0.000871s ]
NOTIC: [8] Undefined index: towns C:\wamp64\www\ts\Runtime\Cache\Admin\6974002ae589ede078ff028ad0458ce2.php 第 178 行.
NOTIC: [8] Undefined index: villages C:\wamp64\www\ts\Runtime\Cache\Admin\6974002ae589ede078ff028ad0458ce2.php 第 183 行.
NOTIC: [8] Undefined index: datail_check_conclusion C:\wamp64\www\ts\Runtime\Cache\Admin\6974002ae589ede078ff028ad0458ce2.php 第 387 行.
NOTIC: [8] Undefined index: datail_check_conclusion C:\wamp64\www\ts\Runtime\Cache\Admin\6974002ae589ede078ff028ad0458ce2.php 第 387 行.
INFO: Run Behavior\ParseTemplateBehavior [ RunTime:0.241189s ]
INFO: [ view_parse ] --END-- [ RunTime:0.241290s ]
INFO: [ view_filter ] --START--
INFO: Run Behavior\WriteHtmlCacheBehavior [ RunTime:0.000361s ]
INFO: [ view_filter ] --END-- [ RunTime:0.000452s ]
INFO: [ app_end ] --START--
INFO: Run Behavior\ShowPageTraceBehavior [ RunTime:0.003744s ]
INFO: [ app_end ] --END-- [ RunTime:0.003972s ]

[ 2017-12-05T20:31:08+08:00 ] ::1 /ts/index.php/Admin/Tree/index/group_id/130
INFO: [ app_init ] --START--
INFO: Run Behavior\BuildLiteBehavior [ RunTime:0.000023s ]
INFO: [ app_init ] --END-- [ RunTime:0.000442s ]
INFO: [ app_begin ] --START--
INFO: Run Behavior\ReadHtmlCacheBehavior [ RunTime:0.000375s ]
INFO: [ app_begin ] --END-- [ RunTime:0.000472s ]
SQL: SHOW COLUMNS FROM `treesys_auth_group_access` [ RunTime:0.0076s ]
SQL: SELECT `uid`,`group_id`,`title`,`rules` FROM treesys_auth_group_access a INNER JOIN treesys_auth_group g on a.group_id=g.id  WHERE ( a.uid='88' and g.status='1' )  [ RunTime:0.0077s ]
SQL: SHOW COLUMNS FROM `treesys_auth_rule` [ RunTime:0.0077s ]
SQL: SELECT `condition`,`name` FROM `treesys_auth_rule` WHERE `id` IN ('6','20','1','2','3','4','5','64','21','7','8','9','10','11','12','13','14','15','16','123','124','125','19','129','135','130','137','138','139','140','141','142','143','144','146','149','150','151','169','153','177','179','182','194','205','171','172','173','195','196','197','207','206','183','184','185','186','187','189','193','209','210','211','212','198','200','201','202','203','204') AND `type` = 1 AND `status` = 1  [ RunTime:0.0087s ]
NOTIC: [2048] Declaration of Common\Model\AdminNavModel::getTreeData() should be compatible with Common\Model\BaseModel::getTreeData($type = 'tree', $order = '', $name = 'name', $child = 'id', $parent = 'pid') C:\wamp64\www\ts\Application\Common\Model\AdminNavModel.class.php 第 7 行.
SQL: SELECT * FROM `treesys_admin_nav` ORDER BY order_number is null,`order_number`,`id`  [ RunTime:0.0086s ]
SQL: SELECT * FROM `treesys_auth_rule` WHERE `id` = 130  [ RunTime:0.0079s ]
SQL: SELECT * FROM `treesys_device_line` WHERE `did` IN ('252，271，270，220，278，279，285，286，204，271，270，310，311，312，341，351，352，356，358，358，359，340')  [ RunTime:0.0076s ]
SQL: SELECT COUNT(*) AS tp_count FROM treesys_tree_base base LEFT JOIN treesys_device_line dl ON base.line_id=dl.did LEFT JOIN treesys_tree_detail detail ON base.tid=detail.detail_tid   WHERE `line_id` IN (-1,'252') LIMIT 1   [ RunTime:0.0109s ]
NOTIC: [2048] Only variables should be passed by reference C:\wamp64\www\ts\ThinkPHP\Library\Think\Db\Driver.class.php 第 769 行.
SQL: SELECT * FROM treesys_tree_base base LEFT JOIN treesys_device_line dl ON base.line_id=dl.did LEFT JOIN treesys_tree_detail detail ON base.tid=detail.detail_tid   WHERE `line_id` IN (-1,'252') AND `datail_uptodate` = 1 ORDER BY `tid` desc LIMIT 0,15   [ RunTime:0.0098s ]
INFO: [ view_parse ] --START--
INFO: [ template_filter ] --START--
INFO: Run Behavior\ContentReplaceBehavior [ RunTime:0.000943s ]
INFO: [ template_filter ] --END-- [ RunTime:0.001099s ]
NOTIC: [8] Undefined index: towns C:\wamp64\www\ts\Runtime\Cache\Admin\6974002ae589ede078ff028ad0458ce2.php 第 178 行.
NOTIC: [8] Undefined index: villages C:\wamp64\www\ts\Runtime\Cache\Admin\6974002ae589ede078ff028ad0458ce2.php 第 183 行.
NOTIC: [8] Undefined index: datail_check_conclusion C:\wamp64\www\ts\Runtime\Cache\Admin\6974002ae589ede078ff028ad0458ce2.php 第 387 行.
NOTIC: [8] Undefined index: datail_check_conclusion C:\wamp64\www\ts\Runtime\Cache\Admin\6974002ae589ede078ff028ad0458ce2.php 第 387 行.
NOTIC: [8] Undefined index: datail_check_conclusion C:\wamp64\www\ts\Runtime\Cache\Admin\6974002ae589ede078ff028ad0458ce2.php 第 387 行.
NOTIC: [8] Undefined index: datail_check_conclusion C:\wamp64\www\ts\Runtime\Cache\Admin\6974002ae589ede078ff028ad0458ce2.php 第 387 行.
NOTIC: [8] Undefined index: datail_check_conclusion C:\wamp64\www\ts\Runtime\Cache\Admin\6974002ae589ede078ff028ad0458ce2.php 第 387 行.
NOTIC: [8] Undefined index: datail_check_conclusion C:\wamp64\www\ts\Runtime\Cache\Admin\6974002ae589ede078ff028ad0458ce2.php 第 387 行.
NOTIC: [8] Undefined index: datail_check_conclusion C:\wamp64\www\ts\Runtime\Cache\Admin\6974002ae589ede078ff028ad0458ce2.php 第 387 行.
NOTIC: [8] Undefined index: datail_check_conclusion C:\wamp64\www\ts\Runtime\Cache\Admin\6974002ae589ede078ff028ad0458ce2.php 第 387 行.
NOTIC: [8] Undefined index: datail_check_conclusion C:\wamp64\www\ts\Runtime\Cache\Admin\6974002ae589ede078ff028ad0458ce2.php 第 387 行.
NOTIC: [8] Undefined index: datail_check_conclusion C:\wamp64\www\ts\Runtime\Cache\Admin\6974002ae589ede078ff028ad0458ce2.php 第 387 行.
NOTIC: [8] Undefined index: datail_check_conclusion C:\wamp64\www\ts\Runtime\Cache\Admin\6974002ae589ede078ff028ad0458ce2.php 第 387 行.
NOTIC: [8] Undefined index: datail_check_conclusion C:\wamp64\www\ts\Runtime\Cache\Admin\6974002ae589ede078ff028ad0458ce2.php 第 387 行.
NOTIC: [8] Undefined index: datail_check_conclusion C:\wamp64\www\ts\Runtime\Cache\Admin\6974002ae589ede078ff028ad0458ce2.php 第 387 行.
NOTIC: [8] Undefined index: datail_check_conclusion C:\wamp64\www\ts\Runtime\Cache\Admin\6974002ae589ede078ff028ad0458ce2.php 第 387 行.
NOTIC: [8] Undefined index: datail_check_conclusion C:\wamp64\www\ts\Runtime\Cache\Admin\6974002ae589ede078ff028ad0458ce2.php 第 387 行.
INFO: Run Behavior\ParseTemplateBehavior [ RunTime:0.213397s ]
INFO: [ view_parse ] --END-- [ RunTime:0.213556s ]
INFO: [ view_filter ] --START--
INFO: Run Behavior\WriteHtmlCacheBehavior [ RunTime:0.000539s ]
INFO: [ view_filter ] --END-- [ RunTime:0.000638s ]
INFO: [ app_end ] --START--
INFO: Run Behavior\ShowPageTraceBehavior [ RunTime:0.002633s ]
INFO: [ app_end ] --END-- [ RunTime:0.002988s ]

[ 2017-12-05T20:31:44+08:00 ] ::1 /ts/index.php/Admin/Tree/index/group_id/130
INFO: [ app_init ] --START--
INFO: Run Behavior\BuildLiteBehavior [ RunTime:0.000022s ]
INFO: [ app_init ] --END-- [ RunTime:0.000356s ]
INFO: [ app_begin ] --START--
INFO: Run Behavior\ReadHtmlCacheBehavior [ RunTime:0.000404s ]
INFO: [ app_begin ] --END-- [ RunTime:0.000530s ]
SQL: SHOW COLUMNS FROM `treesys_auth_group_access` [ RunTime:0.0078s ]
SQL: SELECT `uid`,`group_id`,`title`,`rules` FROM treesys_auth_group_access a INNER JOIN treesys_auth_group g on a.group_id=g.id  WHERE ( a.uid='88' and g.status='1' )  [ RunTime:0.0077s ]
SQL: SHOW COLUMNS FROM `treesys_auth_rule` [ RunTime:0.0078s ]
SQL: SELECT `condition`,`name` FROM `treesys_auth_rule` WHERE `id` IN ('6','20','1','2','3','4','5','64','21','7','8','9','10','11','12','13','14','15','16','123','124','125','19','129','135','130','137','138','139','140','141','142','143','144','146','149','150','151','169','153','177','179','182','194','205','171','172','173','195','196','197','207','206','183','184','185','186','187','189','193','209','210','211','212','198','200','201','202','203','204') AND `type` = 1 AND `status` = 1  [ RunTime:0.0082s ]
NOTIC: [2048] Declaration of Common\Model\AdminNavModel::getTreeData() should be compatible with Common\Model\BaseModel::getTreeData($type = 'tree', $order = '', $name = 'name', $child = 'id', $parent = 'pid') C:\wamp64\www\ts\Application\Common\Model\AdminNavModel.class.php 第 7 行.
SQL: SELECT * FROM `treesys_admin_nav` ORDER BY order_number is null,`order_number`,`id`  [ RunTime:0.0086s ]
SQL: SELECT * FROM `treesys_auth_rule` WHERE `id` = 130  [ RunTime:0.0077s ]
NOTIC: [2] stripos() expects at least 2 parameters, 1 given C:\wamp64\www\ts\Application\Admin\Controller\TreeController.class.php 第 37 行.
SQL: SELECT * FROM `treesys_device_line` WHERE `did` IN ('252，271，270，220，278，279，285，286，204，271，270，310，311，312，341，351，352，356，358，358，359，340')  [ RunTime:0.0076s ]
SQL: SELECT COUNT(*) AS tp_count FROM treesys_tree_base base LEFT JOIN treesys_device_line dl ON base.line_id=dl.did LEFT JOIN treesys_tree_detail detail ON base.tid=detail.detail_tid   WHERE `line_id` IN (-1,'252') LIMIT 1   [ RunTime:0.0107s ]
NOTIC: [2048] Only variables should be passed by reference C:\wamp64\www\ts\ThinkPHP\Library\Think\Db\Driver.class.php 第 769 行.
SQL: SELECT * FROM treesys_tree_base base LEFT JOIN treesys_device_line dl ON base.line_id=dl.did LEFT JOIN treesys_tree_detail detail ON base.tid=detail.detail_tid   WHERE `line_id` IN (-1,'252') AND `datail_uptodate` = 1 ORDER BY `tid` desc LIMIT 0,15   [ RunTime:0.0098s ]
INFO: [ view_parse ] --START--
INFO: [ template_filter ] --START--
INFO: Run Behavior\ContentReplaceBehavior [ RunTime:0.000944s ]
INFO: [ template_filter ] --END-- [ RunTime:0.001054s ]
NOTIC: [8] Undefined index: towns C:\wamp64\www\ts\Runtime\Cache\Admin\6974002ae589ede078ff028ad0458ce2.php 第 178 行.
NOTIC: [8] Undefined index: villages C:\wamp64\www\ts\Runtime\Cache\Admin\6974002ae589ede078ff028ad0458ce2.php 第 183 行.
NOTIC: [8] Undefined index: datail_check_conclusion C:\wamp64\www\ts\Runtime\Cache\Admin\6974002ae589ede078ff028ad0458ce2.php 第 387 行.
NOTIC: [8] Undefined index: datail_check_conclusion C:\wamp64\www\ts\Runtime\Cache\Admin\6974002ae589ede078ff028ad0458ce2.php 第 387 行.
NOTIC: [8] Undefined index: datail_check_conclusion C:\wamp64\www\ts\Runtime\Cache\Admin\6974002ae589ede078ff028ad0458ce2.php 第 387 行.
NOTIC: [8] Undefined index: datail_check_conclusion C:\wamp64\www\ts\Runtime\Cache\Admin\6974002ae589ede078ff028ad0458ce2.php 第 387 行.
NOTIC: [8] Undefined index: datail_check_conclusion C:\wamp64\www\ts\Runtime\Cache\Admin\6974002ae589ede078ff028ad0458ce2.php 第 387 行.
NOTIC: [8] Undefined index: datail_check_conclusion C:\wamp64\www\ts\Runtime\Cache\Admin\6974002ae589ede078ff028ad0458ce2.php 第 387 行.
NOTIC: [8] Undefined index: datail_check_conclusion C:\wamp64\www\ts\Runtime\Cache\Admin\6974002ae589ede078ff028ad0458ce2.php 第 387 行.
NOTIC: [8] Undefined index: datail_check_conclusion C:\wamp64\www\ts\Runtime\Cache\Admin\6974002ae589ede078ff028ad0458ce2.php 第 387 行.
NOTIC: [8] Undefined index: datail_check_conclusion C:\wamp64\www\ts\Runtime\Cache\Admin\6974002ae589ede078ff028ad0458ce2.php 第 387 行.
NOTIC: [8] Undefined index: datail_check_conclusion C:\wamp64\www\ts\Runtime\Cache\Admin\6974002ae589ede078ff028ad0458ce2.php 第 387 行.
NOTIC: [8] Undefined index: datail_check_conclusion C:\wamp64\www\ts\Runtime\Cache\Admin\6974002ae589ede078ff028ad0458ce2.php 第 387 行.
NOTIC: [8] Undefined index: datail_check_conclusion C:\wamp64\www\ts\Runtime\Cache\Admin\6974002ae589ede078ff028ad0458ce2.php 第 387 行.
NOTIC: [8] Undefined index: datail_check_conclusion C:\wamp64\www\ts\Runtime\Cache\Admin\6974002ae589ede078ff028ad0458ce2.php 第 387 行.
NOTIC: [8] Undefined index: datail_check_conclusion C:\wamp64\www\ts\Runtime\Cache\Admin\6974002ae589ede078ff028ad0458ce2.php 第 387 行.
NOTIC: [8] Undefined index: datail_check_conclusion C:\wamp64\www\ts\Runtime\Cache\Admin\6974002ae589ede078ff028ad0458ce2.php 第 387 行.
INFO: Run Behavior\ParseTemplateBehavior [ RunTime:0.217153s ]
INFO: [ view_parse ] --END-- [ RunTime:0.217263s ]
INFO: [ view_filter ] --START--
INFO: Run Behavior\WriteHtmlCacheBehavior [ RunTime:0.000392s ]
INFO: [ view_filter ] --END-- [ RunTime:0.000481s ]
INFO: [ app_end ] --START--
INFO: Run Behavior\ShowPageTraceBehavior [ RunTime:0.002809s ]
INFO: [ app_end ] --END-- [ RunTime:0.003014s ]

[ 2017-12-05T20:31:46+08:00 ] ::1 /ts/index.php/Admin/Tree/index/group_id/141
INFO: [ app_init ] --START--
INFO: Run Behavior\BuildLiteBehavior [ RunTime:0.000021s ]
INFO: [ app_init ] --END-- [ RunTime:0.000436s ]
INFO: [ app_begin ] --START--
INFO: Run Behavior\ReadHtmlCacheBehavior [ RunTime:0.000373s ]
INFO: [ app_begin ] --END-- [ RunTime:0.000471s ]
SQL: SHOW COLUMNS FROM `treesys_auth_group_access` [ RunTime:0.0094s ]
SQL: SELECT `uid`,`group_id`,`title`,`rules` FROM treesys_auth_group_access a INNER JOIN treesys_auth_group g on a.group_id=g.id  WHERE ( a.uid='88' and g.status='1' )  [ RunTime:0.0090s ]
SQL: SHOW COLUMNS FROM `treesys_auth_rule` [ RunTime:0.0091s ]
SQL: SELECT `condition`,`name` FROM `treesys_auth_rule` WHERE `id` IN ('6','20','1','2','3','4','5','64','21','7','8','9','10','11','12','13','14','15','16','123','124','125','19','129','135','130','137','138','139','140','141','142','143','144','146','149','150','151','169','153','177','179','182','194','205','171','172','173','195','196','197','207','206','183','184','185','186','187','189','193','209','210','211','212','198','200','201','202','203','204') AND `type` = 1 AND `status` = 1  [ RunTime:0.0104s ]
NOTIC: [2048] Declaration of Common\Model\AdminNavModel::getTreeData() should be compatible with Common\Model\BaseModel::getTreeData($type = 'tree', $order = '', $name = 'name', $child = 'id', $parent = 'pid') C:\wamp64\www\ts\Application\Common\Model\AdminNavModel.class.php 第 7 行.
SQL: SELECT * FROM `treesys_admin_nav` ORDER BY order_number is null,`order_number`,`id`  [ RunTime:0.0099s ]
SQL: SELECT * FROM `treesys_auth_rule` WHERE `id` = 141  [ RunTime:0.0090s ]
NOTIC: [2] stripos() expects at least 2 parameters, 1 given C:\wamp64\www\ts\Application\Admin\Controller\TreeController.class.php 第 37 行.
SQL: SELECT * FROM `treesys_device_line` WHERE `did` IN ('226，244，245，246，247，248，255，256，264，283，284，301，325，326，327，328，329，330，364')  [ RunTime:0.0091s ]
SQL: SELECT COUNT(*) AS tp_count FROM treesys_tree_base base LEFT JOIN treesys_device_line dl ON base.line_id=dl.did LEFT JOIN treesys_tree_detail detail ON base.tid=detail.detail_tid   WHERE `line_id` IN (-1,'226') LIMIT 1   [ RunTime:0.0116s ]
NOTIC: [2048] Only variables should be passed by reference C:\wamp64\www\ts\ThinkPHP\Library\Think\Db\Driver.class.php 第 769 行.
SQL: SELECT * FROM treesys_tree_base base LEFT JOIN treesys_device_line dl ON base.line_id=dl.did LEFT JOIN treesys_tree_detail detail ON base.tid=detail.detail_tid   WHERE `line_id` IN (-1,'226') AND `datail_uptodate` = 1 ORDER BY `tid` desc LIMIT 0,15   [ RunTime:0.0180s ]
INFO: [ view_parse ] --START--
INFO: [ template_filter ] --START--
INFO: Run Behavior\ContentReplaceBehavior [ RunTime:0.000759s ]
INFO: [ template_filter ] --END-- [ RunTime:0.000899s ]
NOTIC: [8] Undefined index: towns C:\wamp64\www\ts\Runtime\Cache\Admin\6974002ae589ede078ff028ad0458ce2.php 第 178 行.
NOTIC: [8] Undefined index: villages C:\wamp64\www\ts\Runtime\Cache\Admin\6974002ae589ede078ff028ad0458ce2.php 第 183 行.
NOTIC: [8] Undefined index: datail_check_conclusion C:\wamp64\www\ts\Runtime\Cache\Admin\6974002ae589ede078ff028ad0458ce2.php 第 387 行.
NOTIC: [8] Undefined index: datail_check_conclusion C:\wamp64\www\ts\Runtime\Cache\Admin\6974002ae589ede078ff028ad0458ce2.php 第 387 行.
NOTIC: [8] Undefined index: datail_check_conclusion C:\wamp64\www\ts\Runtime\Cache\Admin\6974002ae589ede078ff028ad0458ce2.php 第 387 行.
NOTIC: [8] Undefined index: datail_check_conclusion C:\wamp64\www\ts\Runtime\Cache\Admin\6974002ae589ede078ff028ad0458ce2.php 第 387 行.
NOTIC: [8] Undefined index: datail_check_conclusion C:\wamp64\www\ts\Runtime\Cache\Admin\6974002ae589ede078ff028ad0458ce2.php 第 387 行.
NOTIC: [8] Undefined index: datail_check_conclusion C:\wamp64\www\ts\Runtime\Cache\Admin\6974002ae589ede078ff028ad0458ce2.php 第 387 行.
NOTIC: [8] Undefined index: datail_check_conclusion C:\wamp64\www\ts\Runtime\Cache\Admin\6974002ae589ede078ff028ad0458ce2.php 第 387 行.
NOTIC: [8] Undefined index: datail_check_conclusion C:\wamp64\www\ts\Runtime\Cache\Admin\6974002ae589ede078ff028ad0458ce2.php 第 387 行.
NOTIC: [8] Undefined index: datail_check_conclusion C:\wamp64\www\ts\Runtime\Cache\Admin\6974002ae589ede078ff028ad0458ce2.php 第 387 行.
NOTIC: [8] Undefined index: datail_check_conclusion C:\wamp64\www\ts\Runtime\Cache\Admin\6974002ae589ede078ff028ad0458ce2.php 第 387 行.
NOTIC: [8] Undefined index: datail_check_conclusion C:\wamp64\www\ts\Runtime\Cache\Admin\6974002ae589ede078ff028ad0458ce2.php 第 387 行.
NOTIC: [8] Undefined index: datail_check_conclusion C:\wamp64\www\ts\Runtime\Cache\Admin\6974002ae589ede078ff028ad0458ce2.php 第 387 行.
NOTIC: [8] Undefined index: datail_check_conclusion C:\wamp64\www\ts\Runtime\Cache\Admin\6974002ae589ede078ff028ad0458ce2.php 第 387 行.
NOTIC: [8] Undefined index: datail_check_conclusion C:\wamp64\www\ts\Runtime\Cache\Admin\6974002ae589ede078ff028ad0458ce2.php 第 387 行.
NOTIC: [8] Undefined index: datail_check_conclusion C:\wamp64\www\ts\Runtime\Cache\Admin\6974002ae589ede078ff028ad0458ce2.php 第 387 行.
INFO: Run Behavior\ParseTemplateBehavior [ RunTime:0.245239s ]
INFO: [ view_parse ] --END-- [ RunTime:0.245368s ]
INFO: [ view_filter ] --START--
INFO: Run Behavior\WriteHtmlCacheBehavior [ RunTime:0.000382s ]
INFO: [ view_filter ] --END-- [ RunTime:0.000475s ]
INFO: [ app_end ] --START--
INFO: Run Behavior\ShowPageTraceBehavior [ RunTime:0.000925s ]
INFO: [ app_end ] --END-- [ RunTime:0.003342s ]

[ 2017-12-05T20:31:49+08:00 ] ::1 /ts/index.php/Admin/Tree/index/group_id/150
INFO: [ app_init ] --START--
INFO: Run Behavior\BuildLiteBehavior [ RunTime:0.000022s ]
INFO: [ app_init ] --END-- [ RunTime:0.000344s ]
INFO: [ app_begin ] --START--
INFO: Run Behavior\ReadHtmlCacheBehavior [ RunTime:0.000546s ]
INFO: [ app_begin ] --END-- [ RunTime:0.000670s ]
SQL: SHOW COLUMNS FROM `treesys_auth_group_access` [ RunTime:0.0071s ]
SQL: SELECT `uid`,`group_id`,`title`,`rules` FROM treesys_auth_group_access a INNER JOIN treesys_auth_group g on a.group_id=g.id  WHERE ( a.uid='88' and g.status='1' )  [ RunTime:0.0070s ]
SQL: SHOW COLUMNS FROM `treesys_auth_rule` [ RunTime:0.0070s ]
SQL: SELECT `condition`,`name` FROM `treesys_auth_rule` WHERE `id` IN ('6','20','1','2','3','4','5','64','21','7','8','9','10','11','12','13','14','15','16','123','124','125','19','129','135','130','137','138','139','140','141','142','143','144','146','149','150','151','169','153','177','179','182','194','205','171','172','173','195','196','197','207','206','183','184','185','186','187','189','193','209','210','211','212','198','200','201','202','203','204') AND `type` = 1 AND `status` = 1  [ RunTime:0.0079s ]
NOTIC: [2048] Declaration of Common\Model\AdminNavModel::getTreeData() should be compatible with Common\Model\BaseModel::getTreeData($type = 'tree', $order = '', $name = 'name', $child = 'id', $parent = 'pid') C:\wamp64\www\ts\Application\Common\Model\AdminNavModel.class.php 第 7 行.
SQL: SELECT * FROM `treesys_admin_nav` ORDER BY order_number is null,`order_number`,`id`  [ RunTime:0.0079s ]
SQL: SELECT * FROM `treesys_auth_rule` WHERE `id` = 150  [ RunTime:0.0068s ]
NOTIC: [2] stripos() expects at least 2 parameters, 1 given C:\wamp64\www\ts\Application\Admin\Controller\TreeController.class.php 第 37 行.
SQL: SELECT * FROM `treesys_device_line` WHERE `did` IN ('-1')  [ RunTime:0.0066s ]
SQL: SELECT COUNT(*) AS tp_count FROM treesys_tree_base base LEFT JOIN treesys_device_line dl ON base.line_id=dl.did LEFT JOIN treesys_tree_detail detail ON base.tid=detail.detail_tid   WHERE `line_id` IN (-1) LIMIT 1   [ RunTime:0.0091s ]
NOTIC: [2048] Only variables should be passed by reference C:\wamp64\www\ts\ThinkPHP\Library\Think\Db\Driver.class.php 第 769 行.
SQL: SELECT * FROM treesys_tree_base base LEFT JOIN treesys_device_line dl ON base.line_id=dl.did LEFT JOIN treesys_tree_detail detail ON base.tid=detail.detail_tid   WHERE `line_id` IN (-1) AND `datail_uptodate` = 1 ORDER BY `tid` desc LIMIT 0,15   [ RunTime:0.0134s ]
INFO: [ view_parse ] --START--
INFO: [ template_filter ] --START--
INFO: Run Behavior\ContentReplaceBehavior [ RunTime:0.000754s ]
INFO: [ template_filter ] --END-- [ RunTime:0.000860s ]
NOTIC: [8] Undefined index: towns C:\wamp64\www\ts\Runtime\Cache\Admin\6974002ae589ede078ff028ad0458ce2.php 第 178 行.
NOTIC: [8] Undefined index: villages C:\wamp64\www\ts\Runtime\Cache\Admin\6974002ae589ede078ff028ad0458ce2.php 第 183 行.
INFO: Run Behavior\ParseTemplateBehavior [ RunTime:0.217856s ]
INFO: [ view_parse ] --END-- [ RunTime:0.217979s ]
INFO: [ view_filter ] --START--
INFO: Run Behavior\WriteHtmlCacheBehavior [ RunTime:0.000328s ]
INFO: [ view_filter ] --END-- [ RunTime:0.000418s ]
INFO: [ app_end ] --START--
INFO: Run Behavior\ShowPageTraceBehavior [ RunTime:0.000679s ]
INFO: [ app_end ] --END-- [ RunTime:0.000792s ]

[ 2017-12-05T20:32:09+08:00 ] ::1 /ts/index.php/Admin/Tree/index/group_id/150
INFO: [ app_init ] --START--
INFO: Run Behavior\BuildLiteBehavior [ RunTime:0.000022s ]
INFO: [ app_init ] --END-- [ RunTime:0.000352s ]
INFO: [ app_begin ] --START--
INFO: Run Behavior\ReadHtmlCacheBehavior [ RunTime:0.000359s ]
INFO: [ app_begin ] --END-- [ RunTime:0.000464s ]
SQL: SHOW COLUMNS FROM `treesys_auth_group_access` [ RunTime:0.0108s ]
SQL: SELECT `uid`,`group_id`,`title`,`rules` FROM treesys_auth_group_access a INNER JOIN treesys_auth_group g on a.group_id=g.id  WHERE ( a.uid='88' and g.status='1' )  [ RunTime:0.0107s ]
SQL: SHOW COLUMNS FROM `treesys_auth_rule` [ RunTime:0.0107s ]
SQL: SELECT `condition`,`name` FROM `treesys_auth_rule` WHERE `id` IN ('6','20','1','2','3','4','5','64','21','7','8','9','10','11','12','13','14','15','16','123','124','125','19','129','135','130','137','138','139','140','141','142','143','144','146','149','150','151','169','153','177','179','182','194','205','171','172','173','195','196','197','207','206','183','184','185','186','187','189','193','209','210','211','212','198','200','201','202','203','204') AND `type` = 1 AND `status` = 1  [ RunTime:0.0119s ]
NOTIC: [2048] Declaration of Common\Model\AdminNavModel::getTreeData() should be compatible with Common\Model\BaseModel::getTreeData($type = 'tree', $order = '', $name = 'name', $child = 'id', $parent = 'pid') C:\wamp64\www\ts\Application\Common\Model\AdminNavModel.class.php 第 7 行.
SQL: SELECT * FROM `treesys_admin_nav` ORDER BY order_number is null,`order_number`,`id`  [ RunTime:0.0116s ]
SQL: SELECT * FROM `treesys_auth_rule` WHERE `id` = 150  [ RunTime:0.0106s ]
SQL: SELECT * FROM `treesys_device_line`  [ RunTime:0.0124s ]
SQL: SELECT COUNT(*) AS tp_count FROM treesys_tree_base base LEFT JOIN treesys_device_line dl ON base.line_id=dl.did LEFT JOIN treesys_tree_detail detail ON base.tid=detail.detail_tid   WHERE `line_id` IN (-1,'209','210','211','212','213','214','215','216','217','218','219','220','221','222','223','224','225','226','227','228','229','230','231','232','233','234','235','236','237','238','239','240','241','242','243','244','245','246','247','248','249','250','251','252','253','254','255','256','257','258','259','260','261','262','263','264','265','266','267','268','269','270','271','272','273','274','275','276','277','278','279','280','281','282','283','284','285','286','287','288','289','290','291','292','293','294','295','296','297','298','299','300','301','302','303','304','305','306','307','308','309','310','311','312','313','314','315','316','317','318','319','320','321','322','323','324','325','326','327','328','329','330','331','332','333','334','335','336','337','338','339','340','341','342','343','344','345','346','347','348','349','350','351','352','353','354','355','356','357','358','359','360','361','362','363','364','365','367','366','368','369','370','371','372','373','374','375','376','377','378','379','380','381','382','383','384','385','386','387','388','389','390','391','392','393','394','395','396','397','398','399','400','401','402','403','404','405','406','407','408','409','410','411','412','413','414','415','416','417','418','419','420','421','422','423','424','425','426','427','428','429','430','431','432','433','434','435','436','437','438','439','440') LIMIT 1   [ RunTime:0.0417s ]
NOTIC: [2048] Only variables should be passed by reference C:\wamp64\www\ts\ThinkPHP\Library\Think\Db\Driver.class.php 第 769 行.
SQL: SELECT * FROM treesys_tree_base base LEFT JOIN treesys_device_line dl ON base.line_id=dl.did LEFT JOIN treesys_tree_detail detail ON base.tid=detail.detail_tid   WHERE `line_id` IN (-1,'209','210','211','212','213','214','215','216','217','218','219','220','221','222','223','224','225','226','227','228','229','230','231','232','233','234','235','236','237','238','239','240','241','242','243','244','245','246','247','248','249','250','251','252','253','254','255','256','257','258','259','260','261','262','263','264','265','266','267','268','269','270','271','272','273','274','275','276','277','278','279','280','281','282','283','284','285','286','287','288','289','290','291','292','293','294','295','296','297','298','299','300','301','302','303','304','305','306','307','308','309','310','311','312','313','314','315','316','317','318','319','320','321','322','323','324','325','326','327','328','329','330','331','332','333','334','335','336','337','338','339','340','341','342','343','344','345','346','347','348','349','350','351','352','353','354','355','356','357','358','359','360','361','362','363','364','365','367','366','368','369','370','371','372','373','374','375','376','377','378','379','380','381','382','383','384','385','386','387','388','389','390','391','392','393','394','395','396','397','398','399','400','401','402','403','404','405','406','407','408','409','410','411','412','413','414','415','416','417','418','419','420','421','422','423','424','425','426','427','428','429','430','431','432','433','434','435','436','437','438','439','440') AND `datail_uptodate` = 1 ORDER BY `tid` desc LIMIT 0,15   [ RunTime:0.0125s ]
INFO: [ view_parse ] --START--
INFO: [ template_filter ] --START--
INFO: Run Behavior\ContentReplaceBehavior [ RunTime:0.000826s ]
INFO: [ template_filter ] --END-- [ RunTime:0.000939s ]
NOTIC: [8] Undefined index: towns C:\wamp64\www\ts\Runtime\Cache\Admin\6974002ae589ede078ff028ad0458ce2.php 第 178 行.
NOTIC: [8] Undefined index: villages C:\wamp64\www\ts\Runtime\Cache\Admin\6974002ae589ede078ff028ad0458ce2.php 第 183 行.
NOTIC: [8] Undefined index: datail_check_conclusion C:\wamp64\www\ts\Runtime\Cache\Admin\6974002ae589ede078ff028ad0458ce2.php 第 387 行.
NOTIC: [8] Undefined index: datail_check_conclusion C:\wamp64\www\ts\Runtime\Cache\Admin\6974002ae589ede078ff028ad0458ce2.php 第 387 行.
NOTIC: [8] Undefined index: datail_check_conclusion C:\wamp64\www\ts\Runtime\Cache\Admin\6974002ae589ede078ff028ad0458ce2.php 第 387 行.
NOTIC: [8] Undefined index: datail_check_conclusion C:\wamp64\www\ts\Runtime\Cache\Admin\6974002ae589ede078ff028ad0458ce2.php 第 387 行.
NOTIC: [8] Undefined index: datail_check_conclusion C:\wamp64\www\ts\Runtime\Cache\Admin\6974002ae589ede078ff028ad0458ce2.php 第 387 行.
NOTIC: [8] Undefined index: datail_check_conclusion C:\wamp64\www\ts\Runtime\Cache\Admin\6974002ae589ede078ff028ad0458ce2.php 第 387 行.
NOTIC: [8] Undefined index: datail_check_conclusion C:\wamp64\www\ts\Runtime\Cache\Admin\6974002ae589ede078ff028ad0458ce2.php 第 387 行.
NOTIC: [8] Undefined index: datail_check_conclusion C:\wamp64\www\ts\Runtime\Cache\Admin\6974002ae589ede078ff028ad0458ce2.php 第 387 行.
NOTIC: [8] Undefined index: datail_check_conclusion C:\wamp64\www\ts\Runtime\Cache\Admin\6974002ae589ede078ff028ad0458ce2.php 第 387 行.
NOTIC: [8] Undefined index: datail_check_conclusion C:\wamp64\www\ts\Runtime\Cache\Admin\6974002ae589ede078ff028ad0458ce2.php 第 387 行.
NOTIC: [8] Undefined index: datail_check_conclusion C:\wamp64\www\ts\Runtime\Cache\Admin\6974002ae589ede078ff028ad0458ce2.php 第 387 行.
NOTIC: [8] Undefined index: datail_check_conclusion C:\wamp64\www\ts\Runtime\Cache\Admin\6974002ae589ede078ff028ad0458ce2.php 第 387 行.
NOTIC: [8] Undefined index: datail_check_conclusion C:\wamp64\www\ts\Runtime\Cache\Admin\6974002ae589ede078ff028ad0458ce2.php 第 387 行.
NOTIC: [8] Undefined index: datail_check_conclusion C:\wamp64\www\ts\Runtime\Cache\Admin\6974002ae589ede078ff028ad0458ce2.php 第 387 行.
NOTIC: [8] Undefined index: datail_check_conclusion C:\wamp64\www\ts\Runtime\Cache\Admin\6974002ae589ede078ff028ad0458ce2.php 第 387 行.
INFO: Run Behavior\ParseTemplateBehavior [ RunTime:0.204304s ]
INFO: [ view_parse ] --END-- [ RunTime:0.204486s ]
INFO: [ view_filter ] --START--
INFO: Run Behavior\WriteHtmlCacheBehavior [ RunTime:0.000577s ]
INFO: [ view_filter ] --END-- [ RunTime:0.000717s ]
INFO: [ app_end ] --START--
INFO: Run Behavior\ShowPageTraceBehavior [ RunTime:0.001428s ]
INFO: [ app_end ] --END-- [ RunTime:0.002126s ]

[ 2017-12-05T20:32:12+08:00 ] ::1 /ts/index.php/Admin/Tree/index/group_id/151
INFO: [ app_init ] --START--
INFO: Run Behavior\BuildLiteBehavior [ RunTime:0.000021s ]
INFO: [ app_init ] --END-- [ RunTime:0.000315s ]
INFO: [ app_begin ] --START--
INFO: Run Behavior\ReadHtmlCacheBehavior [ RunTime:0.000576s ]
INFO: [ app_begin ] --END-- [ RunTime:0.000721s ]
SQL: SHOW COLUMNS FROM `treesys_auth_group_access` [ RunTime:0.0062s ]
SQL: SELECT `uid`,`group_id`,`title`,`rules` FROM treesys_auth_group_access a INNER JOIN treesys_auth_group g on a.group_id=g.id  WHERE ( a.uid='88' and g.status='1' )  [ RunTime:0.0064s ]
SQL: SHOW COLUMNS FROM `treesys_auth_rule` [ RunTime:0.0063s ]
SQL: SELECT `condition`,`name` FROM `treesys_auth_rule` WHERE `id` IN ('6','20','1','2','3','4','5','64','21','7','8','9','10','11','12','13','14','15','16','123','124','125','19','129','135','130','137','138','139','140','141','142','143','144','146','149','150','151','169','153','177','179','182','194','205','171','172','173','195','196','197','207','206','183','184','185','186','187','189','193','209','210','211','212','198','200','201','202','203','204') AND `type` = 1 AND `status` = 1  [ RunTime:0.0067s ]
NOTIC: [2048] Declaration of Common\Model\AdminNavModel::getTreeData() should be compatible with Common\Model\BaseModel::getTreeData($type = 'tree', $order = '', $name = 'name', $child = 'id', $parent = 'pid') C:\wamp64\www\ts\Application\Common\Model\AdminNavModel.class.php 第 7 行.
SQL: SELECT * FROM `treesys_admin_nav` ORDER BY order_number is null,`order_number`,`id`  [ RunTime:0.0072s ]
SQL: SELECT * FROM `treesys_auth_rule` WHERE `id` = 151  [ RunTime:0.0062s ]
SQL: SELECT * FROM `treesys_device_line`  [ RunTime:0.0081s ]
SQL: SELECT COUNT(*) AS tp_count FROM treesys_tree_base base LEFT JOIN treesys_device_line dl ON base.line_id=dl.did LEFT JOIN treesys_tree_detail detail ON base.tid=detail.detail_tid   WHERE `line_id` IN (-1,'209','210','211','212','213','214','215','216','217','218','219','220','221','222','223','224','225','226','227','228','229','230','231','232','233','234','235','236','237','238','239','240','241','242','243','244','245','246','247','248','249','250','251','252','253','254','255','256','257','258','259','260','261','262','263','264','265','266','267','268','269','270','271','272','273','274','275','276','277','278','279','280','281','282','283','284','285','286','287','288','289','290','291','292','293','294','295','296','297','298','299','300','301','302','303','304','305','306','307','308','309','310','311','312','313','314','315','316','317','318','319','320','321','322','323','324','325','326','327','328','329','330','331','332','333','334','335','336','337','338','339','340','341','342','343','344','345','346','347','348','349','350','351','352','353','354','355','356','357','358','359','360','361','362','363','364','365','367','366','368','369','370','371','372','373','374','375','376','377','378','379','380','381','382','383','384','385','386','387','388','389','390','391','392','393','394','395','396','397','398','399','400','401','402','403','404','405','406','407','408','409','410','411','412','413','414','415','416','417','418','419','420','421','422','423','424','425','426','427','428','429','430','431','432','433','434','435','436','437','438','439','440') LIMIT 1   [ RunTime:0.0372s ]
NOTIC: [2048] Only variables should be passed by reference C:\wamp64\www\ts\ThinkPHP\Library\Think\Db\Driver.class.php 第 769 行.
SQL: SELECT * FROM treesys_tree_base base LEFT JOIN treesys_device_line dl ON base.line_id=dl.did LEFT JOIN treesys_tree_detail detail ON base.tid=detail.detail_tid   WHERE `line_id` IN (-1,'209','210','211','212','213','214','215','216','217','218','219','220','221','222','223','224','225','226','227','228','229','230','231','232','233','234','235','236','237','238','239','240','241','242','243','244','245','246','247','248','249','250','251','252','253','254','255','256','257','258','259','260','261','262','263','264','265','266','267','268','269','270','271','272','273','274','275','276','277','278','279','280','281','282','283','284','285','286','287','288','289','290','291','292','293','294','295','296','297','298','299','300','301','302','303','304','305','306','307','308','309','310','311','312','313','314','315','316','317','318','319','320','321','322','323','324','325','326','327','328','329','330','331','332','333','334','335','336','337','338','339','340','341','342','343','344','345','346','347','348','349','350','351','352','353','354','355','356','357','358','359','360','361','362','363','364','365','367','366','368','369','370','371','372','373','374','375','376','377','378','379','380','381','382','383','384','385','386','387','388','389','390','391','392','393','394','395','396','397','398','399','400','401','402','403','404','405','406','407','408','409','410','411','412','413','414','415','416','417','418','419','420','421','422','423','424','425','426','427','428','429','430','431','432','433','434','435','436','437','438','439','440') AND `datail_uptodate` = 1 ORDER BY `tid` desc LIMIT 0,15   [ RunTime:0.0079s ]
INFO: [ view_parse ] --START--
INFO: [ template_filter ] --START--
INFO: Run Behavior\ContentReplaceBehavior [ RunTime:0.000982s ]
INFO: [ template_filter ] --END-- [ RunTime:0.001105s ]
NOTIC: [8] Undefined index: towns C:\wamp64\www\ts\Runtime\Cache\Admin\6974002ae589ede078ff028ad0458ce2.php 第 178 行.
NOTIC: [8] Undefined index: villages C:\wamp64\www\ts\Runtime\Cache\Admin\6974002ae589ede078ff028ad0458ce2.php 第 183 行.
NOTIC: [8] Undefined index: datail_check_conclusion C:\wamp64\www\ts\Runtime\Cache\Admin\6974002ae589ede078ff028ad0458ce2.php 第 387 行.
NOTIC: [8] Undefined index: datail_check_conclusion C:\wamp64\www\ts\Runtime\Cache\Admin\6974002ae589ede078ff028ad0458ce2.php 第 387 行.
NOTIC: [8] Undefined index: datail_check_conclusion C:\wamp64\www\ts\Runtime\Cache\Admin\6974002ae589ede078ff028ad0458ce2.php 第 387 行.
NOTIC: [8] Undefined index: datail_check_conclusion C:\wamp64\www\ts\Runtime\Cache\Admin\6974002ae589ede078ff028ad0458ce2.php 第 387 行.
NOTIC: [8] Undefined index: datail_check_conclusion C:\wamp64\www\ts\Runtime\Cache\Admin\6974002ae589ede078ff028ad0458ce2.php 第 387 行.
NOTIC: [8] Undefined index: datail_check_conclusion C:\wamp64\www\ts\Runtime\Cache\Admin\6974002ae589ede078ff028ad0458ce2.php 第 387 行.
NOTIC: [8] Undefined index: datail_check_conclusion C:\wamp64\www\ts\Runtime\Cache\Admin\6974002ae589ede078ff028ad0458ce2.php 第 387 行.
NOTIC: [8] Undefined index: datail_check_conclusion C:\wamp64\www\ts\Runtime\Cache\Admin\6974002ae589ede078ff028ad0458ce2.php 第 387 行.
NOTIC: [8] Undefined index: datail_check_conclusion C:\wamp64\www\ts\Runtime\Cache\Admin\6974002ae589ede078ff028ad0458ce2.php 第 387 行.
NOTIC: [8] Undefined index: datail_check_conclusion C:\wamp64\www\ts\Runtime\Cache\Admin\6974002ae589ede078ff028ad0458ce2.php 第 387 行.
NOTIC: [8] Undefined index: datail_check_conclusion C:\wamp64\www\ts\Runtime\Cache\Admin\6974002ae589ede078ff028ad0458ce2.php 第 387 行.
NOTIC: [8] Undefined index: datail_check_conclusion C:\wamp64\www\ts\Runtime\Cache\Admin\6974002ae589ede078ff028ad0458ce2.php 第 387 行.
NOTIC: [8] Undefined index: datail_check_conclusion C:\wamp64\www\ts\Runtime\Cache\Admin\6974002ae589ede078ff028ad0458ce2.php 第 387 行.
NOTIC: [8] Undefined index: datail_check_conclusion C:\wamp64\www\ts\Runtime\Cache\Admin\6974002ae589ede078ff028ad0458ce2.php 第 387 行.
NOTIC: [8] Undefined index: datail_check_conclusion C:\wamp64\www\ts\Runtime\Cache\Admin\6974002ae589ede078ff028ad0458ce2.php 第 387 行.
INFO: Run Behavior\ParseTemplateBehavior [ RunTime:0.222813s ]
INFO: [ view_parse ] --END-- [ RunTime:0.222967s ]
INFO: [ view_filter ] --START--
INFO: Run Behavior\WriteHtmlCacheBehavior [ RunTime:0.000487s ]
INFO: [ view_filter ] --END-- [ RunTime:0.000618s ]
INFO: [ app_end ] --START--
INFO: Run Behavior\ShowPageTraceBehavior [ RunTime:0.001032s ]
INFO: [ app_end ] --END-- [ RunTime:0.002294s ]

[ 2017-12-05T20:32:15+08:00 ] ::1 /ts/index.php/Admin/Tree/index/group_id/143
INFO: [ app_init ] --START--
INFO: Run Behavior\BuildLiteBehavior [ RunTime:0.000022s ]
INFO: [ app_init ] --END-- [ RunTime:0.000327s ]
INFO: [ app_begin ] --START--
INFO: Run Behavior\ReadHtmlCacheBehavior [ RunTime:0.000409s ]
INFO: [ app_begin ] --END-- [ RunTime:0.000507s ]
SQL: SHOW COLUMNS FROM `treesys_auth_group_access` [ RunTime:0.0089s ]
SQL: SELECT `uid`,`group_id`,`title`,`rules` FROM treesys_auth_group_access a INNER JOIN treesys_auth_group g on a.group_id=g.id  WHERE ( a.uid='88' and g.status='1' )  [ RunTime:0.0090s ]
SQL: SHOW COLUMNS FROM `treesys_auth_rule` [ RunTime:0.0088s ]
SQL: SELECT `condition`,`name` FROM `treesys_auth_rule` WHERE `id` IN ('6','20','1','2','3','4','5','64','21','7','8','9','10','11','12','13','14','15','16','123','124','125','19','129','135','130','137','138','139','140','141','142','143','144','146','149','150','151','169','153','177','179','182','194','205','171','172','173','195','196','197','207','206','183','184','185','186','187','189','193','209','210','211','212','198','200','201','202','203','204') AND `type` = 1 AND `status` = 1  [ RunTime:0.0098s ]
NOTIC: [2048] Declaration of Common\Model\AdminNavModel::getTreeData() should be compatible with Common\Model\BaseModel::getTreeData($type = 'tree', $order = '', $name = 'name', $child = 'id', $parent = 'pid') C:\wamp64\www\ts\Application\Common\Model\AdminNavModel.class.php 第 7 行.
SQL: SELECT * FROM `treesys_admin_nav` ORDER BY order_number is null,`order_number`,`id`  [ RunTime:0.0098s ]
SQL: SELECT * FROM `treesys_auth_rule` WHERE `id` = 143  [ RunTime:0.0088s ]
SQL: SELECT * FROM `treesys_device_line` WHERE `did` IN ('216，240，250，271，272，268，269，261，265，266，267，273，288，293，313，314，315，316，317，318，319，322，323，338，339，343，365')  [ RunTime:0.0086s ]
SQL: SELECT COUNT(*) AS tp_count FROM treesys_tree_base base LEFT JOIN treesys_device_line dl ON base.line_id=dl.did LEFT JOIN treesys_tree_detail detail ON base.tid=detail.detail_tid   WHERE `line_id` IN (-1,'216') LIMIT 1   [ RunTime:0.0114s ]
NOTIC: [2048] Only variables should be passed by reference C:\wamp64\www\ts\ThinkPHP\Library\Think\Db\Driver.class.php 第 769 行.
SQL: SELECT * FROM treesys_tree_base base LEFT JOIN treesys_device_line dl ON base.line_id=dl.did LEFT JOIN treesys_tree_detail detail ON base.tid=detail.detail_tid   WHERE `line_id` IN (-1,'216') AND `datail_uptodate` = 1 ORDER BY `tid` desc LIMIT 0,15   [ RunTime:0.0156s ]
INFO: [ view_parse ] --START--
INFO: [ template_filter ] --START--
INFO: Run Behavior\ContentReplaceBehavior [ RunTime:0.000765s ]
INFO: [ template_filter ] --END-- [ RunTime:0.000881s ]
NOTIC: [8] Undefined index: towns C:\wamp64\www\ts\Runtime\Cache\Admin\6974002ae589ede078ff028ad0458ce2.php 第 178 行.
NOTIC: [8] Undefined index: villages C:\wamp64\www\ts\Runtime\Cache\Admin\6974002ae589ede078ff028ad0458ce2.php 第 183 行.
INFO: Run Behavior\ParseTemplateBehavior [ RunTime:0.218602s ]
INFO: [ view_parse ] --END-- [ RunTime:0.218711s ]
INFO: [ view_filter ] --START--
INFO: Run Behavior\WriteHtmlCacheBehavior [ RunTime:0.000547s ]
INFO: [ view_filter ] --END-- [ RunTime:0.000656s ]
INFO: [ app_end ] --START--
INFO: Run Behavior\ShowPageTraceBehavior [ RunTime:0.000701s ]
INFO: [ app_end ] --END-- [ RunTime:0.000821s ]

[ 2017-12-05T20:32:25+08:00 ] ::1 /ts/index.php/Admin/Tree/index/group_id/143
INFO: [ app_init ] --START--
INFO: Run Behavior\BuildLiteBehavior [ RunTime:0.000022s ]
INFO: [ app_init ] --END-- [ RunTime:0.000347s ]
INFO: [ app_begin ] --START--
INFO: Run Behavior\ReadHtmlCacheBehavior [ RunTime:0.000379s ]
INFO: [ app_begin ] --END-- [ RunTime:0.000479s ]
SQL: SHOW COLUMNS FROM `treesys_auth_group_access` [ RunTime:0.0101s ]
SQL: SELECT `uid`,`group_id`,`title`,`rules` FROM treesys_auth_group_access a INNER JOIN treesys_auth_group g on a.group_id=g.id  WHERE ( a.uid='88' and g.status='1' )  [ RunTime:0.0101s ]
SQL: SHOW COLUMNS FROM `treesys_auth_rule` [ RunTime:0.0102s ]
SQL: SELECT `condition`,`name` FROM `treesys_auth_rule` WHERE `id` IN ('6','20','1','2','3','4','5','64','21','7','8','9','10','11','12','13','14','15','16','123','124','125','19','129','135','130','137','138','139','140','141','142','143','144','146','149','150','151','169','153','177','179','182','194','205','171','172','173','195','196','197','207','206','183','184','185','186','187','189','193','209','210','211','212','198','200','201','202','203','204') AND `type` = 1 AND `status` = 1  [ RunTime:0.0112s ]
NOTIC: [2048] Declaration of Common\Model\AdminNavModel::getTreeData() should be compatible with Common\Model\BaseModel::getTreeData($type = 'tree', $order = '', $name = 'name', $child = 'id', $parent = 'pid') C:\wamp64\www\ts\Application\Common\Model\AdminNavModel.class.php 第 7 行.
SQL: SELECT * FROM `treesys_admin_nav` ORDER BY order_number is null,`order_number`,`id`  [ RunTime:0.0109s ]
SQL: SELECT * FROM `treesys_auth_rule` WHERE `id` = 143  [ RunTime:0.0101s ]
SQL: SELECT * FROM `treesys_device_line` WHERE `did` IN ('216，240，250，271，272，268，269，261，265，266，267，273，288，293，313，314，315，316，317，318，319，322，323，338，339，343，365')  [ RunTime:0.0099s ]
SQL: SELECT COUNT(*) AS tp_count FROM treesys_tree_base base LEFT JOIN treesys_device_line dl ON base.line_id=dl.did LEFT JOIN treesys_tree_detail detail ON base.tid=detail.detail_tid   WHERE `line_id` IN (-1,'216') LIMIT 1   [ RunTime:0.0125s ]
NOTIC: [2048] Only variables should be passed by reference C:\wamp64\www\ts\ThinkPHP\Library\Think\Db\Driver.class.php 第 769 行.
SQL: SELECT * FROM treesys_tree_base base LEFT JOIN treesys_device_line dl ON base.line_id=dl.did LEFT JOIN treesys_tree_detail detail ON base.tid=detail.detail_tid   WHERE `line_id` IN (-1,'216') AND `datail_uptodate` = 1 ORDER BY `tid` desc LIMIT 0,15   [ RunTime:0.0171s ]
INFO: [ view_parse ] --START--
INFO: [ template_filter ] --START--
INFO: Run Behavior\ContentReplaceBehavior [ RunTime:0.000861s ]
INFO: [ template_filter ] --END-- [ RunTime:0.001020s ]
NOTIC: [8] Undefined index: towns C:\wamp64\www\ts\Runtime\Cache\Admin\6974002ae589ede078ff028ad0458ce2.php 第 178 行.
NOTIC: [8] Undefined index: villages C:\wamp64\www\ts\Runtime\Cache\Admin\6974002ae589ede078ff028ad0458ce2.php 第 183 行.
INFO: Run Behavior\ParseTemplateBehavior [ RunTime:0.204241s ]
INFO: [ view_parse ] --END-- [ RunTime:0.204371s ]
INFO: [ view_filter ] --START--
INFO: Run Behavior\WriteHtmlCacheBehavior [ RunTime:0.000403s ]
INFO: [ view_filter ] --END-- [ RunTime:0.000506s ]
INFO: [ app_end ] --START--
INFO: Run Behavior\ShowPageTraceBehavior [ RunTime:0.001286s ]
INFO: [ app_end ] --END-- [ RunTime:0.001512s ]

[ 2017-12-05T20:32:35+08:00 ] ::1 /ts/index.php/Admin/Tree/index/group_id/137
INFO: [ app_init ] --START--
INFO: Run Behavior\BuildLiteBehavior [ RunTime:0.000023s ]
INFO: [ app_init ] --END-- [ RunTime:0.000491s ]
INFO: [ app_begin ] --START--
INFO: Run Behavior\ReadHtmlCacheBehavior [ RunTime:0.000585s ]
INFO: [ app_begin ] --END-- [ RunTime:0.000683s ]
SQL: SHOW COLUMNS FROM `treesys_auth_group_access` [ RunTime:0.0084s ]
SQL: SELECT `uid`,`group_id`,`title`,`rules` FROM treesys_auth_group_access a INNER JOIN treesys_auth_group g on a.group_id=g.id  WHERE ( a.uid='88' and g.status='1' )  [ RunTime:0.0082s ]
SQL: SHOW COLUMNS FROM `treesys_auth_rule` [ RunTime:0.0084s ]
SQL: SELECT `condition`,`name` FROM `treesys_auth_rule` WHERE `id` IN ('6','20','1','2','3','4','5','64','21','7','8','9','10','11','12','13','14','15','16','123','124','125','19','129','135','130','137','138','139','140','141','142','143','144','146','149','150','151','169','153','177','179','182','194','205','171','172','173','195','196','197','207','206','183','184','185','186','187','189','193','209','210','211','212','198','200','201','202','203','204') AND `type` = 1 AND `status` = 1  [ RunTime:0.0095s ]
NOTIC: [2048] Declaration of Common\Model\AdminNavModel::getTreeData() should be compatible with Common\Model\BaseModel::getTreeData($type = 'tree', $order = '', $name = 'name', $child = 'id', $parent = 'pid') C:\wamp64\www\ts\Application\Common\Model\AdminNavModel.class.php 第 7 行.
SQL: SELECT * FROM `treesys_admin_nav` ORDER BY order_number is null,`order_number`,`id`  [ RunTime:0.0091s ]
SQL: SELECT * FROM `treesys_auth_rule` WHERE `id` = 137  [ RunTime:0.0081s ]
SQL: SELECT * FROM `treesys_device_line` WHERE `did` IN ('270，271，274，275，276，277，298，299，205，346，347，348，349，360，362')  [ RunTime:0.0080s ]
SQL: SELECT COUNT(*) AS tp_count FROM treesys_tree_base base LEFT JOIN treesys_device_line dl ON base.line_id=dl.did LEFT JOIN treesys_tree_detail detail ON base.tid=detail.detail_tid   WHERE `line_id` IN (-1,'270') LIMIT 1   [ RunTime:0.0147s ]
NOTIC: [2048] Only variables should be passed by reference C:\wamp64\www\ts\ThinkPHP\Library\Think\Db\Driver.class.php 第 769 行.
SQL: SELECT * FROM treesys_tree_base base LEFT JOIN treesys_device_line dl ON base.line_id=dl.did LEFT JOIN treesys_tree_detail detail ON base.tid=detail.detail_tid   WHERE `line_id` IN (-1,'270') AND `datail_uptodate` = 1 ORDER BY `tid` desc LIMIT 0,15   [ RunTime:0.0109s ]
INFO: [ view_parse ] --START--
INFO: [ template_filter ] --START--
INFO: Run Behavior\ContentReplaceBehavior [ RunTime:0.000831s ]
INFO: [ template_filter ] --END-- [ RunTime:0.000941s ]
NOTIC: [8] Undefined index: towns C:\wamp64\www\ts\Runtime\Cache\Admin\6974002ae589ede078ff028ad0458ce2.php 第 178 行.
NOTIC: [8] Undefined index: villages C:\wamp64\www\ts\Runtime\Cache\Admin\6974002ae589ede078ff028ad0458ce2.php 第 183 行.
NOTIC: [8] Undefined index: datail_check_conclusion C:\wamp64\www\ts\Runtime\Cache\Admin\6974002ae589ede078ff028ad0458ce2.php 第 387 行.
NOTIC: [8] Undefined index: datail_check_conclusion C:\wamp64\www\ts\Runtime\Cache\Admin\6974002ae589ede078ff028ad0458ce2.php 第 387 行.
NOTIC: [8] Undefined index: datail_check_conclusion C:\wamp64\www\ts\Runtime\Cache\Admin\6974002ae589ede078ff028ad0458ce2.php 第 387 行.
NOTIC: [8] Undefined index: datail_check_conclusion C:\wamp64\www\ts\Runtime\Cache\Admin\6974002ae589ede078ff028ad0458ce2.php 第 387 行.
NOTIC: [8] Undefined index: datail_check_conclusion C:\wamp64\www\ts\Runtime\Cache\Admin\6974002ae589ede078ff028ad0458ce2.php 第 387 行.
NOTIC: [8] Undefined index: datail_check_conclusion C:\wamp64\www\ts\Runtime\Cache\Admin\6974002ae589ede078ff028ad0458ce2.php 第 387 行.
NOTIC: [8] Undefined index: datail_check_conclusion C:\wamp64\www\ts\Runtime\Cache\Admin\6974002ae589ede078ff028ad0458ce2.php 第 387 行.
NOTIC: [8] Undefined index: datail_check_conclusion C:\wamp64\www\ts\Runtime\Cache\Admin\6974002ae589ede078ff028ad0458ce2.php 第 387 行.
NOTIC: [8] Undefined index: datail_check_conclusion C:\wamp64\www\ts\Runtime\Cache\Admin\6974002ae589ede078ff028ad0458ce2.php 第 387 行.
NOTIC: [8] Undefined index: datail_check_conclusion C:\wamp64\www\ts\Runtime\Cache\Admin\6974002ae589ede078ff028ad0458ce2.php 第 387 行.
NOTIC: [8] Undefined index: datail_check_conclusion C:\wamp64\www\ts\Runtime\Cache\Admin\6974002ae589ede078ff028ad0458ce2.php 第 387 行.
NOTIC: [8] Undefined index: datail_check_conclusion C:\wamp64\www\ts\Runtime\Cache\Admin\6974002ae589ede078ff028ad0458ce2.php 第 387 行.
NOTIC: [8] Undefined index: datail_check_conclusion C:\wamp64\www\ts\Runtime\Cache\Admin\6974002ae589ede078ff028ad0458ce2.php 第 387 行.
NOTIC: [8] Undefined index: datail_check_conclusion C:\wamp64\www\ts\Runtime\Cache\Admin\6974002ae589ede078ff028ad0458ce2.php 第 387 行.
NOTIC: [8] Undefined index: datail_check_conclusion C:\wamp64\www\ts\Runtime\Cache\Admin\6974002ae589ede078ff028ad0458ce2.php 第 387 行.
INFO: Run Behavior\ParseTemplateBehavior [ RunTime:0.216004s ]
INFO: [ view_parse ] --END-- [ RunTime:0.216145s ]
INFO: [ view_filter ] --START--
INFO: Run Behavior\WriteHtmlCacheBehavior [ RunTime:0.000404s ]
INFO: [ view_filter ] --END-- [ RunTime:0.000496s ]
INFO: [ app_end ] --START--
INFO: Run Behavior\ShowPageTraceBehavior [ RunTime:0.001599s ]
INFO: [ app_end ] --END-- [ RunTime:0.001915s ]

[ 2017-12-05T20:32:45+08:00 ] ::1 /ts/index.php/Admin/Tree/index/group_id/137
INFO: [ app_init ] --START--
INFO: Run Behavior\BuildLiteBehavior [ RunTime:0.000027s ]
INFO: [ app_init ] --END-- [ RunTime:0.000348s ]
INFO: [ app_begin ] --START--
INFO: Run Behavior\ReadHtmlCacheBehavior [ RunTime:0.000374s ]
INFO: [ app_begin ] --END-- [ RunTime:0.000479s ]
SQL: SHOW COLUMNS FROM `treesys_auth_group_access` [ RunTime:0.0100s ]
SQL: SELECT `uid`,`group_id`,`title`,`rules` FROM treesys_auth_group_access a INNER JOIN treesys_auth_group g on a.group_id=g.id  WHERE ( a.uid='88' and g.status='1' )  [ RunTime:0.0097s ]
SQL: SHOW COLUMNS FROM `treesys_auth_rule` [ RunTime:0.0100s ]
SQL: SELECT `condition`,`name` FROM `treesys_auth_rule` WHERE `id` IN ('6','20','1','2','3','4','5','64','21','7','8','9','10','11','12','13','14','15','16','123','124','125','19','129','135','130','137','138','139','140','141','142','143','144','146','149','150','151','169','153','177','179','182','194','205','171','172','173','195','196','197','207','206','183','184','185','186','187','189','193','209','210','211','212','198','200','201','202','203','204') AND `type` = 1 AND `status` = 1  [ RunTime:0.0102s ]
NOTIC: [2048] Declaration of Common\Model\AdminNavModel::getTreeData() should be compatible with Common\Model\BaseModel::getTreeData($type = 'tree', $order = '', $name = 'name', $child = 'id', $parent = 'pid') C:\wamp64\www\ts\Application\Common\Model\AdminNavModel.class.php 第 7 行.
SQL: SELECT * FROM `treesys_admin_nav` ORDER BY order_number is null,`order_number`,`id`  [ RunTime:0.0105s ]
SQL: SELECT * FROM `treesys_auth_rule` WHERE `id` = 137  [ RunTime:0.0096s ]
SQL: SELECT * FROM `treesys_device_line` WHERE `did` IN ('270，271，274，275，276，277，298，299，205，346，347，348，349，360，362')  [ RunTime:0.0095s ]
SQL: SELECT COUNT(*) AS tp_count FROM treesys_tree_base base LEFT JOIN treesys_device_line dl ON base.line_id=dl.did LEFT JOIN treesys_tree_detail detail ON base.tid=detail.detail_tid   WHERE `line_id` IN (-1,'270') LIMIT 1   [ RunTime:0.0154s ]
NOTIC: [2048] Only variables should be passed by reference C:\wamp64\www\ts\ThinkPHP\Library\Think\Db\Driver.class.php 第 769 行.
SQL: SELECT * FROM treesys_tree_base base LEFT JOIN treesys_device_line dl ON base.line_id=dl.did LEFT JOIN treesys_tree_detail detail ON base.tid=detail.detail_tid   WHERE `line_id` IN (-1,'270') AND `datail_uptodate` = 1 ORDER BY `tid` desc LIMIT 0,15   [ RunTime:0.0123s ]
INFO: [ view_parse ] --START--
INFO: [ template_filter ] --START--
INFO: Run Behavior\ContentReplaceBehavior [ RunTime:0.000886s ]
INFO: [ template_filter ] --END-- [ RunTime:0.000997s ]
NOTIC: [8] Undefined index: towns C:\wamp64\www\ts\Runtime\Cache\Admin\6974002ae589ede078ff028ad0458ce2.php 第 178 行.
NOTIC: [8] Undefined index: villages C:\wamp64\www\ts\Runtime\Cache\Admin\6974002ae589ede078ff028ad0458ce2.php 第 183 行.
NOTIC: [8] Undefined index: datail_check_conclusion C:\wamp64\www\ts\Runtime\Cache\Admin\6974002ae589ede078ff028ad0458ce2.php 第 387 行.
NOTIC: [8] Undefined index: datail_check_conclusion C:\wamp64\www\ts\Runtime\Cache\Admin\6974002ae589ede078ff028ad0458ce2.php 第 387 行.
NOTIC: [8] Undefined index: datail_check_conclusion C:\wamp64\www\ts\Runtime\Cache\Admin\6974002ae589ede078ff028ad0458ce2.php 第 387 行.
NOTIC: [8] Undefined index: datail_check_conclusion C:\wamp64\www\ts\Runtime\Cache\Admin\6974002ae589ede078ff028ad0458ce2.php 第 387 行.
NOTIC: [8] Undefined index: datail_check_conclusion C:\wamp64\www\ts\Runtime\Cache\Admin\6974002ae589ede078ff028ad0458ce2.php 第 387 行.
NOTIC: [8] Undefined index: datail_check_conclusion C:\wamp64\www\ts\Runtime\Cache\Admin\6974002ae589ede078ff028ad0458ce2.php 第 387 行.
NOTIC: [8] Undefined index: datail_check_conclusion C:\wamp64\www\ts\Runtime\Cache\Admin\6974002ae589ede078ff028ad0458ce2.php 第 387 行.
NOTIC: [8] Undefined index: datail_check_conclusion C:\wamp64\www\ts\Runtime\Cache\Admin\6974002ae589ede078ff028ad0458ce2.php 第 387 行.
NOTIC: [8] Undefined index: datail_check_conclusion C:\wamp64\www\ts\Runtime\Cache\Admin\6974002ae589ede078ff028ad0458ce2.php 第 387 行.
NOTIC: [8] Undefined index: datail_check_conclusion C:\wamp64\www\ts\Runtime\Cache\Admin\6974002ae589ede078ff028ad0458ce2.php 第 387 行.
NOTIC: [8] Undefined index: datail_check_conclusion C:\wamp64\www\ts\Runtime\Cache\Admin\6974002ae589ede078ff028ad0458ce2.php 第 387 行.
NOTIC: [8] Undefined index: datail_check_conclusion C:\wamp64\www\ts\Runtime\Cache\Admin\6974002ae589ede078ff028ad0458ce2.php 第 387 行.
NOTIC: [8] Undefined index: datail_check_conclusion C:\wamp64\www\ts\Runtime\Cache\Admin\6974002ae589ede078ff028ad0458ce2.php 第 387 行.
NOTIC: [8] Undefined index: datail_check_conclusion C:\wamp64\www\ts\Runtime\Cache\Admin\6974002ae589ede078ff028ad0458ce2.php 第 387 行.
NOTIC: [8] Undefined index: datail_check_conclusion C:\wamp64\www\ts\Runtime\Cache\Admin\6974002ae589ede078ff028ad0458ce2.php 第 387 行.
INFO: Run Behavior\ParseTemplateBehavior [ RunTime:0.220619s ]
INFO: [ view_parse ] --END-- [ RunTime:0.220731s ]
INFO: [ view_filter ] --START--
INFO: Run Behavior\WriteHtmlCacheBehavior [ RunTime:0.000340s ]
INFO: [ view_filter ] --END-- [ RunTime:0.000429s ]
INFO: [ app_end ] --START--
INFO: Run Behavior\ShowPageTraceBehavior [ RunTime:0.001048s ]
INFO: [ app_end ] --END-- [ RunTime:0.001299s ]

[ 2017-12-05T20:32:48+08:00 ] ::1 /ts/index.php/Admin/Tree/index/group_id/137/p/2
INFO: [ app_init ] --START--
INFO: Run Behavior\BuildLiteBehavior [ RunTime:0.000021s ]
INFO: [ app_init ] --END-- [ RunTime:0.000312s ]
INFO: [ app_begin ] --START--
INFO: Run Behavior\ReadHtmlCacheBehavior [ RunTime:0.000363s ]
INFO: [ app_begin ] --END-- [ RunTime:0.000457s ]
SQL: SHOW COLUMNS FROM `treesys_auth_group_access` [ RunTime:0.0113s ]
SQL: SELECT `uid`,`group_id`,`title`,`rules` FROM treesys_auth_group_access a INNER JOIN treesys_auth_group g on a.group_id=g.id  WHERE ( a.uid='88' and g.status='1' )  [ RunTime:0.0101s ]
SQL: SHOW COLUMNS FROM `treesys_auth_rule` [ RunTime:0.0100s ]
SQL: SELECT `condition`,`name` FROM `treesys_auth_rule` WHERE `id` IN ('6','20','1','2','3','4','5','64','21','7','8','9','10','11','12','13','14','15','16','123','124','125','19','129','135','130','137','138','139','140','141','142','143','144','146','149','150','151','169','153','177','179','182','194','205','171','172','173','195','196','197','207','206','183','184','185','186','187','189','193','209','210','211','212','198','200','201','202','203','204') AND `type` = 1 AND `status` = 1  [ RunTime:0.0110s ]
NOTIC: [2048] Declaration of Common\Model\AdminNavModel::getTreeData() should be compatible with Common\Model\BaseModel::getTreeData($type = 'tree', $order = '', $name = 'name', $child = 'id', $parent = 'pid') C:\wamp64\www\ts\Application\Common\Model\AdminNavModel.class.php 第 7 行.
SQL: SELECT * FROM `treesys_admin_nav` ORDER BY order_number is null,`order_number`,`id`  [ RunTime:0.0109s ]
SQL: SELECT * FROM `treesys_auth_rule` WHERE `id` = 137  [ RunTime:0.0099s ]
SQL: SELECT * FROM `treesys_device_line` WHERE `did` IN ('270，271，274，275，276，277，298，299，205，346，347，348，349，360，362')  [ RunTime:0.0098s ]
SQL: SELECT COUNT(*) AS tp_count FROM treesys_tree_base base LEFT JOIN treesys_device_line dl ON base.line_id=dl.did LEFT JOIN treesys_tree_detail detail ON base.tid=detail.detail_tid   WHERE `line_id` IN (-1,'270') LIMIT 1   [ RunTime:0.0158s ]
NOTIC: [2048] Only variables should be passed by reference C:\wamp64\www\ts\ThinkPHP\Library\Think\Db\Driver.class.php 第 769 行.
SQL: SELECT * FROM treesys_tree_base base LEFT JOIN treesys_device_line dl ON base.line_id=dl.did LEFT JOIN treesys_tree_detail detail ON base.tid=detail.detail_tid   WHERE `line_id` IN (-1,'270') AND `datail_uptodate` = 1 ORDER BY `tid` desc LIMIT 15,15   [ RunTime:0.0128s ]
INFO: [ view_parse ] --START--
INFO: [ template_filter ] --START--
INFO: Run Behavior\ContentReplaceBehavior [ RunTime:0.000849s ]
INFO: [ template_filter ] --END-- [ RunTime:0.000955s ]
NOTIC: [8] Undefined index: towns C:\wamp64\www\ts\Runtime\Cache\Admin\6974002ae589ede078ff028ad0458ce2.php 第 178 行.
NOTIC: [8] Undefined index: villages C:\wamp64\www\ts\Runtime\Cache\Admin\6974002ae589ede078ff028ad0458ce2.php 第 183 行.
NOTIC: [8] Undefined index: datail_check_conclusion C:\wamp64\www\ts\Runtime\Cache\Admin\6974002ae589ede078ff028ad0458ce2.php 第 387 行.
NOTIC: [8] Undefined index: datail_check_conclusion C:\wamp64\www\ts\Runtime\Cache\Admin\6974002ae589ede078ff028ad0458ce2.php 第 387 行.
NOTIC: [8] Undefined index: datail_check_conclusion C:\wamp64\www\ts\Runtime\Cache\Admin\6974002ae589ede078ff028ad0458ce2.php 第 387 行.
NOTIC: [8] Undefined index: datail_check_conclusion C:\wamp64\www\ts\Runtime\Cache\Admin\6974002ae589ede078ff028ad0458ce2.php 第 387 行.
NOTIC: [8] Undefined index: datail_check_conclusion C:\wamp64\www\ts\Runtime\Cache\Admin\6974002ae589ede078ff028ad0458ce2.php 第 387 行.
NOTIC: [8] Undefined index: datail_check_conclusion C:\wamp64\www\ts\Runtime\Cache\Admin\6974002ae589ede078ff028ad0458ce2.php 第 387 行.
NOTIC: [8] Undefined index: datail_check_conclusion C:\wamp64\www\ts\Runtime\Cache\Admin\6974002ae589ede078ff028ad0458ce2.php 第 387 行.
NOTIC: [8] Undefined index: datail_check_conclusion C:\wamp64\www\ts\Runtime\Cache\Admin\6974002ae589ede078ff028ad0458ce2.php 第 387 行.
NOTIC: [8] Undefined index: datail_check_conclusion C:\wamp64\www\ts\Runtime\Cache\Admin\6974002ae589ede078ff028ad0458ce2.php 第 387 行.
NOTIC: [8] Undefined index: datail_check_conclusion C:\wamp64\www\ts\Runtime\Cache\Admin\6974002ae589ede078ff028ad0458ce2.php 第 387 行.
NOTIC: [8] Undefined index: datail_check_conclusion C:\wamp64\www\ts\Runtime\Cache\Admin\6974002ae589ede078ff028ad0458ce2.php 第 387 行.
NOTIC: [8] Undefined index: datail_check_conclusion C:\wamp64\www\ts\Runtime\Cache\Admin\6974002ae589ede078ff028ad0458ce2.php 第 387 行.
NOTIC: [8] Undefined index: datail_check_conclusion C:\wamp64\www\ts\Runtime\Cache\Admin\6974002ae589ede078ff028ad0458ce2.php 第 387 行.
NOTIC: [8] Undefined index: datail_check_conclusion C:\wamp64\www\ts\Runtime\Cache\Admin\6974002ae589ede078ff028ad0458ce2.php 第 387 行.
NOTIC: [8] Undefined index: datail_check_conclusion C:\wamp64\www\ts\Runtime\Cache\Admin\6974002ae589ede078ff028ad0458ce2.php 第 387 行.
INFO: Run Behavior\ParseTemplateBehavior [ RunTime:0.192659s ]
INFO: [ view_parse ] --END-- [ RunTime:0.192759s ]
INFO: [ view_filter ] --START--
INFO: Run Behavior\WriteHtmlCacheBehavior [ RunTime:0.000337s ]
INFO: [ view_filter ] --END-- [ RunTime:0.000426s ]
INFO: [ app_end ] --START--
INFO: Run Behavior\ShowPageTraceBehavior [ RunTime:0.000888s ]
INFO: [ app_end ] --END-- [ RunTime:0.001103s ]

[ 2017-12-05T20:32:51+08:00 ] ::1 /ts/index.php/Admin/Tree/index/group_id/137/p/16
INFO: [ app_init ] --START--
INFO: Run Behavior\BuildLiteBehavior [ RunTime:0.000088s ]
INFO: [ app_init ] --END-- [ RunTime:0.001120s ]
INFO: [ app_begin ] --START--
INFO: Run Behavior\ReadHtmlCacheBehavior [ RunTime:0.000436s ]
INFO: [ app_begin ] --END-- [ RunTime:0.000542s ]
SQL: SHOW COLUMNS FROM `treesys_auth_group_access` [ RunTime:0.0111s ]
SQL: SELECT `uid`,`group_id`,`title`,`rules` FROM treesys_auth_group_access a INNER JOIN treesys_auth_group g on a.group_id=g.id  WHERE ( a.uid='88' and g.status='1' )  [ RunTime:0.0110s ]
SQL: SHOW COLUMNS FROM `treesys_auth_rule` [ RunTime:0.0110s ]
SQL: SELECT `condition`,`name` FROM `treesys_auth_rule` WHERE `id` IN ('6','20','1','2','3','4','5','64','21','7','8','9','10','11','12','13','14','15','16','123','124','125','19','129','135','130','137','138','139','140','141','142','143','144','146','149','150','151','169','153','177','179','182','194','205','171','172','173','195','196','197','207','206','183','184','185','186','187','189','193','209','210','211','212','198','200','201','202','203','204') AND `type` = 1 AND `status` = 1  [ RunTime:0.0114s ]
NOTIC: [2048] Declaration of Common\Model\AdminNavModel::getTreeData() should be compatible with Common\Model\BaseModel::getTreeData($type = 'tree', $order = '', $name = 'name', $child = 'id', $parent = 'pid') C:\wamp64\www\ts\Application\Common\Model\AdminNavModel.class.php 第 7 行.
SQL: SELECT * FROM `treesys_admin_nav` ORDER BY order_number is null,`order_number`,`id`  [ RunTime:0.0118s ]
SQL: SELECT * FROM `treesys_auth_rule` WHERE `id` = 137  [ RunTime:0.0109s ]
SQL: SELECT * FROM `treesys_device_line` WHERE `did` IN ('270，271，274，275，276，277，298，299，205，346，347，348，349，360，362')  [ RunTime:0.0108s ]
SQL: SELECT COUNT(*) AS tp_count FROM treesys_tree_base base LEFT JOIN treesys_device_line dl ON base.line_id=dl.did LEFT JOIN treesys_tree_detail detail ON base.tid=detail.detail_tid   WHERE `line_id` IN (-1,'270') LIMIT 1   [ RunTime:0.0167s ]
NOTIC: [2048] Only variables should be passed by reference C:\wamp64\www\ts\ThinkPHP\Library\Think\Db\Driver.class.php 第 769 行.
SQL: SELECT * FROM treesys_tree_base base LEFT JOIN treesys_device_line dl ON base.line_id=dl.did LEFT JOIN treesys_tree_detail detail ON base.tid=detail.detail_tid   WHERE `line_id` IN (-1,'270') AND `datail_uptodate` = 1 ORDER BY `tid` desc LIMIT 225,15   [ RunTime:0.0199s ]
INFO: [ view_parse ] --START--
INFO: [ template_filter ] --START--
INFO: Run Behavior\ContentReplaceBehavior [ RunTime:0.000759s ]
INFO: [ template_filter ] --END-- [ RunTime:0.000868s ]
NOTIC: [8] Undefined index: towns C:\wamp64\www\ts\Runtime\Cache\Admin\6974002ae589ede078ff028ad0458ce2.php 第 178 行.
NOTIC: [8] Undefined index: villages C:\wamp64\www\ts\Runtime\Cache\Admin\6974002ae589ede078ff028ad0458ce2.php 第 183 行.
NOTIC: [8] Undefined index: datail_check_conclusion C:\wamp64\www\ts\Runtime\Cache\Admin\6974002ae589ede078ff028ad0458ce2.php 第 387 行.
NOTIC: [8] Undefined index: datail_check_conclusion C:\wamp64\www\ts\Runtime\Cache\Admin\6974002ae589ede078ff028ad0458ce2.php 第 387 行.
NOTIC: [8] Undefined index: datail_check_conclusion C:\wamp64\www\ts\Runtime\Cache\Admin\6974002ae589ede078ff028ad0458ce2.php 第 387 行.
NOTIC: [8] Undefined index: datail_check_conclusion C:\wamp64\www\ts\Runtime\Cache\Admin\6974002ae589ede078ff028ad0458ce2.php 第 387 行.
NOTIC: [8] Undefined index: datail_check_conclusion C:\wamp64\www\ts\Runtime\Cache\Admin\6974002ae589ede078ff028ad0458ce2.php 第 387 行.
NOTIC: [8] Undefined index: datail_check_conclusion C:\wamp64\www\ts\Runtime\Cache\Admin\6974002ae589ede078ff028ad0458ce2.php 第 387 行.
NOTIC: [8] Undefined index: datail_check_conclusion C:\wamp64\www\ts\Runtime\Cache\Admin\6974002ae589ede078ff028ad0458ce2.php 第 387 行.
NOTIC: [8] Undefined index: datail_check_conclusion C:\wamp64\www\ts\Runtime\Cache\Admin\6974002ae589ede078ff028ad0458ce2.php 第 387 行.
NOTIC: [8] Undefined index: datail_check_conclusion C:\wamp64\www\ts\Runtime\Cache\Admin\6974002ae589ede078ff028ad0458ce2.php 第 387 行.
NOTIC: [8] Undefined index: datail_check_conclusion C:\wamp64\www\ts\Runtime\Cache\Admin\6974002ae589ede078ff028ad0458ce2.php 第 387 行.
NOTIC: [8] Undefined index: datail_check_conclusion C:\wamp64\www\ts\Runtime\Cache\Admin\6974002ae589ede078ff028ad0458ce2.php 第 387 行.
NOTIC: [8] Undefined index: datail_check_conclusion C:\wamp64\www\ts\Runtime\Cache\Admin\6974002ae589ede078ff028ad0458ce2.php 第 387 行.
NOTIC: [8] Undefined index: datail_check_conclusion C:\wamp64\www\ts\Runtime\Cache\Admin\6974002ae589ede078ff028ad0458ce2.php 第 387 行.
NOTIC: [8] Undefined index: datail_check_conclusion C:\wamp64\www\ts\Runtime\Cache\Admin\6974002ae589ede078ff028ad0458ce2.php 第 387 行.
INFO: Run Behavior\ParseTemplateBehavior [ RunTime:0.205635s ]
INFO: [ view_parse ] --END-- [ RunTime:0.205737s ]
INFO: [ view_filter ] --START--
INFO: Run Behavior\WriteHtmlCacheBehavior [ RunTime:0.000421s ]
INFO: [ view_filter ] --END-- [ RunTime:0.000512s ]
INFO: [ app_end ] --START--
INFO: Run Behavior\ShowPageTraceBehavior [ RunTime:0.000631s ]
INFO: [ app_end ] --END-- [ RunTime:0.000756s ]

[ 2017-12-05T20:33:05+08:00 ] ::1 /ts/index.php/Admin/Tree/base/group_id/137/tid/19066/line_id/270
INFO: [ app_init ] --START--
INFO: Run Behavior\BuildLiteBehavior [ RunTime:0.000024s ]
INFO: [ app_init ] --END-- [ RunTime:0.000418s ]
INFO: [ app_begin ] --START--
INFO: Run Behavior\ReadHtmlCacheBehavior [ RunTime:0.000451s ]
INFO: [ app_begin ] --END-- [ RunTime:0.000552s ]
SQL: SHOW COLUMNS FROM `treesys_auth_group_access` [ RunTime:0.0069s ]
SQL: SELECT `uid`,`group_id`,`title`,`rules` FROM treesys_auth_group_access a INNER JOIN treesys_auth_group g on a.group_id=g.id  WHERE ( a.uid='88' and g.status='1' )  [ RunTime:0.0069s ]
SQL: SHOW COLUMNS FROM `treesys_auth_rule` [ RunTime:0.0072s ]
SQL: SELECT `condition`,`name` FROM `treesys_auth_rule` WHERE `id` IN ('6','20','1','2','3','4','5','64','21','7','8','9','10','11','12','13','14','15','16','123','124','125','19','129','135','130','137','138','139','140','141','142','143','144','146','149','150','151','169','153','177','179','182','194','205','171','172','173','195','196','197','207','206','183','184','185','186','187','189','193','209','210','211','212','198','200','201','202','203','204') AND `type` = 1 AND `status` = 1  [ RunTime:0.0080s ]
NOTIC: [2048] Declaration of Common\Model\AdminNavModel::getTreeData() should be compatible with Common\Model\BaseModel::getTreeData($type = 'tree', $order = '', $name = 'name', $child = 'id', $parent = 'pid') C:\wamp64\www\ts\Application\Common\Model\AdminNavModel.class.php 第 7 行.
SQL: SELECT * FROM `treesys_admin_nav` ORDER BY order_number is null,`order_number`,`id`  [ RunTime:0.0076s ]
SQL: SELECT * FROM treesys_tree_base base LEFT JOIN treesys_device_line dl ON base.line_id=dl.did LEFT JOIN treesys_tree_detail detail ON base.tid=detail.detail_tid   WHERE `datail_uptodate` = 1 AND `tid` = '19066'  [ RunTime:0.0080s ]
INFO: [ view_parse ] --START--
INFO: [ template_filter ] --START--
INFO: Run Behavior\ContentReplaceBehavior [ RunTime:0.000823s ]
INFO: [ template_filter ] --END-- [ RunTime:0.000948s ]
NOTIC: [8] Undefined index: datail_check_conclusion C:\wamp64\www\ts\Runtime\Cache\Admin\6d13892369329dd771ef39b8fbb3b83d.php 第 267 行.
NOTIC: [8] Array to string conversion C:\wamp64\www\ts\Runtime\Cache\Admin\6d13892369329dd771ef39b8fbb3b83d.php 第 588 行.
INFO: Run Behavior\ParseTemplateBehavior [ RunTime:0.288519s ]
INFO: [ view_parse ] --END-- [ RunTime:0.288618s ]
INFO: [ view_filter ] --START--
INFO: Run Behavior\WriteHtmlCacheBehavior [ RunTime:0.000418s ]
INFO: [ view_filter ] --END-- [ RunTime:0.000508s ]
INFO: [ app_end ] --START--
INFO: Run Behavior\ShowPageTraceBehavior [ RunTime:0.001768s ]
INFO: [ app_end ] --END-- [ RunTime:0.002176s ]

[ 2017-12-05T20:33:42+08:00 ] ::1 /ts/index.php/Admin/Tree/index/group_id/142
INFO: [ app_init ] --START--
INFO: Run Behavior\BuildLiteBehavior [ RunTime:0.000022s ]
INFO: [ app_init ] --END-- [ RunTime:0.000348s ]
INFO: [ app_begin ] --START--
INFO: Run Behavior\ReadHtmlCacheBehavior [ RunTime:0.000382s ]
INFO: [ app_begin ] --END-- [ RunTime:0.000488s ]
SQL: SHOW COLUMNS FROM `treesys_auth_group_access` [ RunTime:0.0106s ]
SQL: SELECT `uid`,`group_id`,`title`,`rules` FROM treesys_auth_group_access a INNER JOIN treesys_auth_group g on a.group_id=g.id  WHERE ( a.uid='88' and g.status='1' )  [ RunTime:0.0104s ]
SQL: SHOW COLUMNS FROM `treesys_auth_rule` [ RunTime:0.0105s ]
SQL: SELECT `condition`,`name` FROM `treesys_auth_rule` WHERE `id` IN ('6','20','1','2','3','4','5','64','21','7','8','9','10','11','12','13','14','15','16','123','124','125','19','129','135','130','137','138','139','140','141','142','143','144','146','149','150','151','169','153','177','179','182','194','205','171','172','173','195','196','197','207','206','183','184','185','186','187','189','193','209','210','211','212','198','200','201','202','203','204') AND `type` = 1 AND `status` = 1  [ RunTime:0.0111s ]
NOTIC: [2048] Declaration of Common\Model\AdminNavModel::getTreeData() should be compatible with Common\Model\BaseModel::getTreeData($type = 'tree', $order = '', $name = 'name', $child = 'id', $parent = 'pid') C:\wamp64\www\ts\Application\Common\Model\AdminNavModel.class.php 第 7 行.
SQL: SELECT * FROM `treesys_admin_nav` ORDER BY order_number is null,`order_number`,`id`  [ RunTime:0.0113s ]
SQL: SELECT * FROM `treesys_auth_rule` WHERE `id` = 142  [ RunTime:0.0106s ]
SQL: SELECT * FROM `treesys_device_line` WHERE `did` IN ('214，215，218，222，229，233，234，235，238，239，240，243，253，254，270，271，280，282，295，309，334，335，342，353，363')  [ RunTime:0.0103s ]
SQL: SELECT COUNT(*) AS tp_count FROM treesys_tree_base base LEFT JOIN treesys_device_line dl ON base.line_id=dl.did LEFT JOIN treesys_tree_detail detail ON base.tid=detail.detail_tid   WHERE `line_id` IN (-1,'214') LIMIT 1   [ RunTime:0.0130s ]
NOTIC: [2048] Only variables should be passed by reference C:\wamp64\www\ts\ThinkPHP\Library\Think\Db\Driver.class.php 第 769 行.
SQL: SELECT * FROM treesys_tree_base base LEFT JOIN treesys_device_line dl ON base.line_id=dl.did LEFT JOIN treesys_tree_detail detail ON base.tid=detail.detail_tid   WHERE `line_id` IN (-1,'214') AND `datail_uptodate` = 1 ORDER BY `tid` desc LIMIT 0,15   [ RunTime:0.0173s ]
INFO: [ view_parse ] --START--
INFO: [ template_filter ] --START--
INFO: Run Behavior\ContentReplaceBehavior [ RunTime:0.000753s ]
INFO: [ template_filter ] --END-- [ RunTime:0.000861s ]
NOTIC: [8] Undefined index: towns C:\wamp64\www\ts\Runtime\Cache\Admin\6974002ae589ede078ff028ad0458ce2.php 第 178 行.
NOTIC: [8] Undefined index: villages C:\wamp64\www\ts\Runtime\Cache\Admin\6974002ae589ede078ff028ad0458ce2.php 第 183 行.
INFO: Run Behavior\ParseTemplateBehavior [ RunTime:0.209067s ]
INFO: [ view_parse ] --END-- [ RunTime:0.209220s ]
INFO: [ view_filter ] --START--
INFO: Run Behavior\WriteHtmlCacheBehavior [ RunTime:0.000423s ]
INFO: [ view_filter ] --END-- [ RunTime:0.000512s ]
INFO: [ app_end ] --START--
INFO: Run Behavior\ShowPageTraceBehavior [ RunTime:0.001278s ]
INFO: [ app_end ] --END-- [ RunTime:0.002293s ]

